01:01:06,060 DEBUG [main] DIYLCStarter - Java version: 1.8.0_60-b27 by Oracle Corporation
01:01:06,061 DEBUG [main] DIYLCStarter - OS: Mac OS X 10.11.1
01:01:06,061  INFO [main] DIYLCStarter - Starting DIYLC with working directory /Users/neko/dev/projects/github/diy-layout-creator/diylc-swing
01:01:13,179  INFO [main] ConfigurationManager - Initializing configuration
01:01:13,182 ERROR [main] Presenter - Could not find version number, using default
java.io.FileNotFoundException: update.xml (No such file or directory)
	at java.io.FileInputStream.open0(Native Method)
	at java.io.FileInputStream.open(FileInputStream.java:195)
	at java.io.FileInputStream.<init>(FileInputStream.java:138)
	at java.io.FileInputStream.<init>(FileInputStream.java:93)
	at org.diylc.presenter.Presenter.<clinit>(Presenter.java:74)
	at org.diylc.swing.gui.MainFrame.<init>(MainFrame.java:94)
	at org.diylc.DIYLCStarter.main(DIYLCStarter.java:75)
01:01:13,195  INFO [main] Presenter - installPlugin(ToolBox)
01:01:13,200  INFO [main] Presenter - Loading component types.
01:01:13,447  INFO [main] MainFrame - injectGUIComponent(org.diylc.swing.plugins.toolbox.ComponentTabbedPane, 1)
01:01:13,472  INFO [main] Presenter - installPlugin(FileMenuPlugin)
01:01:13,475  INFO [main] MainFrame - injectMenuAction(New, File)
01:01:13,484  INFO [main] MainFrame - injectMenuAction(Open, File)
01:01:13,487  INFO [main] MainFrame - injectMenuAction(Import, File)
01:01:13,489  INFO [main] MainFrame - injectMenuAction(Save, File)
01:01:13,489  INFO [main] MainFrame - injectMenuAction(Save As, File)
01:01:13,490  INFO [main] MainFrame - injectMenuAction(Separator, File)
01:01:13,491  INFO [main] MainFrame - injectMenuAction(Export to PDF, File)
01:01:13,492  INFO [main] MainFrame - injectMenuAction(Export to PNG, File)
01:01:13,493  INFO [main] MainFrame - injectMenuAction(Print..., File)
01:01:13,494  INFO [main] MainFrame - injectSubmenu(Trace Mask, icon, File)
01:01:13,495  INFO [main] MainFrame - injectMenuAction(Export to PDF, Trace Mask)
01:01:13,495  INFO [main] MainFrame - injectMenuAction(Export to PNG, Trace Mask)
01:01:13,495  INFO [main] MainFrame - injectMenuAction(Print..., Trace Mask)
01:01:13,496  INFO [main] MainFrame - injectMenuAction(Create B.O.M., File)
01:01:13,496  INFO [main] MainFrame - injectMenuAction(Separator, File)
01:01:13,497  INFO [main] MainFrame - injectMenuAction(Exit, File)
01:01:13,502  INFO [main] Presenter - installPlugin(EditMenuPlugin)
01:01:13,503  INFO [main] MainFrame - injectMenuAction(Undo, Edit)
01:01:13,503  INFO [main] MainFrame - injectMenuAction(Redo, Edit)
01:01:13,504  INFO [main] MainFrame - injectMenuAction(Separator, Edit)
01:01:13,505  INFO [main] MainFrame - injectMenuAction(Cut, Edit)
01:01:13,506  INFO [main] MainFrame - injectMenuAction(Copy, Edit)
01:01:13,507  INFO [main] MainFrame - injectMenuAction(Paste, Edit)
01:01:13,507  INFO [main] MainFrame - injectMenuAction(Separator, Edit)
01:01:13,508  INFO [main] MainFrame - injectMenuAction(Select All, Edit)
01:01:13,509  INFO [main] MainFrame - injectMenuAction(Edit Selection, Edit)
01:01:13,510  INFO [main] MainFrame - injectMenuAction(Delete Selection, Edit)
01:01:13,511  INFO [main] MainFrame - injectMenuAction(Rotate Clockwise, Edit)
01:01:13,512  INFO [main] MainFrame - injectMenuAction(Rotate Counterclockwise, Edit)
01:01:13,513  INFO [main] MainFrame - injectMenuAction(Send Backward, Edit)
01:01:13,515  INFO [main] MainFrame - injectMenuAction(Bring Forward, Edit)
01:01:13,516  INFO [main] MainFrame - injectMenuAction(Group Selection, Edit)
01:01:13,517  INFO [main] MainFrame - injectMenuAction(Ungroup Selection, Edit)
01:01:13,517  INFO [main] MainFrame - injectMenuAction(Separator, Edit)
01:01:13,518  INFO [main] MainFrame - injectMenuAction(Save as Template, Edit)
01:01:13,519  INFO [main] MainFrame - injectSubmenu(Renumber Selection, icon, Edit)
01:01:13,520  INFO [main] MainFrame - injectMenuAction(X Axis First, Renumber Selection)
01:01:13,520  INFO [main] MainFrame - injectMenuAction(Y Axis First, Renumber Selection)
01:01:13,521  INFO [main] MainFrame - injectSubmenu(Expand Selection, icon, Edit)
01:01:13,522  INFO [main] MainFrame - injectMenuAction(All Connected, Expand Selection)
01:01:13,522  INFO [main] MainFrame - injectMenuAction(Immediate Only, Expand Selection)
01:01:13,522  INFO [main] MainFrame - injectMenuAction(Same Type Only, Expand Selection)
01:01:13,523  INFO [main] MainFrame - injectMenuAction(Separator, Edit)
01:01:13,524  INFO [main] MainFrame - injectMenuAction(Edit Project, Edit)
01:01:13,549  INFO [main] Presenter - installPlugin(ConfigPlugin)
01:01:13,549  INFO [main] MainFrame - injectMenuAction(Anti-Aliasing, Config)
01:01:13,551  INFO [main] MainFrame - injectMenuAction(Auto-Create Pads, Config)
01:01:13,552  INFO [main] MainFrame - injectMenuAction(Auto-Edit Mode, Config)
01:01:13,552  INFO [main] MainFrame - injectMenuAction(Continuous Creation, Config)
01:01:13,553  INFO [main] MainFrame - injectMenuAction(Export Grid, Config)
01:01:13,553  INFO [main] MainFrame - injectMenuAction(Hi-Quality Rendering, Config)
01:01:13,553  INFO [main] MainFrame - injectMenuAction(Mouse Wheel Zoom, Config)
01:01:13,554  INFO [main] MainFrame - injectMenuAction(Outline Mode, Config)
01:01:13,554  INFO [main] MainFrame - injectMenuAction(Snap to Grid, Config)
01:01:13,554  INFO [main] MainFrame - injectMenuAction(Sticky Points, Config)
01:01:13,555  INFO [main] MainFrame - injectSubmenu(Chassis, icon, Layers)
01:01:13,556  INFO [main] MainFrame - injectMenuAction(Lock, Chassis)
01:01:13,556  INFO [main] MainFrame - injectMenuAction(Select All, Chassis)
01:01:13,557  INFO [main] MainFrame - injectSubmenu(Board, icon, Layers)
01:01:13,557  INFO [main] MainFrame - injectMenuAction(Lock, Board)
01:01:13,557  INFO [main] MainFrame - injectMenuAction(Select All, Board)
01:01:13,557  INFO [main] MainFrame - injectSubmenu(Trace, icon, Layers)
01:01:13,558  INFO [main] MainFrame - injectMenuAction(Lock, Trace)
01:01:13,558  INFO [main] MainFrame - injectMenuAction(Select All, Trace)
01:01:13,558  INFO [main] MainFrame - injectSubmenu(Component, icon, Layers)
01:01:13,559  INFO [main] MainFrame - injectMenuAction(Lock, Component)
01:01:13,561  INFO [main] MainFrame - injectMenuAction(Select All, Component)
01:01:13,561  INFO [main] MainFrame - injectSubmenu(Text, icon, Layers)
01:01:13,561  INFO [main] MainFrame - injectMenuAction(Lock, Text)
01:01:13,562  INFO [main] MainFrame - injectMenuAction(Select All, Text)
01:01:13,562  INFO [main] Presenter - installPlugin(LayersMenuPlugin)
01:01:13,564  INFO [main] MainFrame - injectMenuAction(User Manual, Help)
01:01:13,565  INFO [main] MainFrame - injectMenuAction(FAQ, Help)
01:01:13,566  INFO [main] MainFrame - injectMenuAction(Component API, Help)
01:01:13,567  INFO [main] MainFrame - injectMenuAction(Plugin API, Help)
01:01:13,568  INFO [main] MainFrame - injectMenuAction(Submit a Bug, Help)
01:01:13,568  INFO [main] MainFrame - injectMenuAction(Separator, Help)
01:01:13,569  INFO [main] MainFrame - injectMenuAction(Donate, Help)
01:01:13,570  INFO [main] MainFrame - injectMenuAction(About, Help)
01:01:13,570  INFO [main] Presenter - installPlugin(HelpMenuPlugin)
01:01:13,572  INFO [main] MainFrame - injectGUIComponent(org.diylc.swing.plugins.statusbar.StatusBar, 3)
01:01:13,573  INFO [main] Presenter - installPlugin(StatusBar)
01:01:13,607  INFO [SwingWorker-pool-1-thread-1] UpdateChecker - Trying to download file: http://www.diy-fever.com/update.xml
01:01:13,613  INFO [main] Presenter - installPlugin(CanvasPlugin)
01:01:13,623  INFO [main] MainFrame - injectGUIComponent(org.diylc.swingframework.ruler.RulerScrollPane, 0)
01:01:13,628  INFO [main] Presenter - installPlugin(FramePlugin)
01:01:13,630  INFO [main] Presenter - installPlugin(AutoSavePlugin)
01:01:13,631  INFO [main] Presenter - createNewFile()
01:01:13,631  INFO [AWT-EventQueue-0] ConfigurationManager - Saving configuration
01:01:13,635  INFO [main] Presenter - loadProject(New Project, true)
01:01:13,776 DEBUG [main] TemplateDialog - Found 0 templates
01:01:13,853  INFO [main] DIYLCStarter - Injecting default properties.
01:01:13,910  INFO [SwingWorker-pool-1-thread-1] UpdateChecker - 34 updates found
