01:04:14,118 DEBUG [main] DIYLCStarter - Java version: 1.8.0_60-b27 by Oracle Corporation
01:04:14,119 DEBUG [main] DIYLCStarter - OS: Mac OS X 10.11.1
01:04:14,119  INFO [main] DIYLCStarter - Starting DIYLC with working directory /Users/neko/dev/projects/github/diy-layout-creator/diylc-swing
01:04:14,452  INFO [main] ConfigurationManager - Initializing configuration
01:04:14,555  INFO [main] Presenter - installPlugin(ToolBox)
01:04:14,562  INFO [main] Presenter - Loading component types.
01:04:15,458  INFO [main] MainFrame - injectGUIComponent(org.diylc.swing.plugins.toolbox.ComponentTabbedPane, 1)
01:04:15,517  INFO [main] Presenter - installPlugin(FileMenuPlugin)
01:04:15,519  INFO [main] MainFrame - injectMenuAction(New, File)
01:04:15,536  INFO [main] MainFrame - injectMenuAction(Open, File)
01:04:15,539  INFO [main] MainFrame - injectMenuAction(Import, File)
01:04:15,540  INFO [main] MainFrame - injectMenuAction(Save, File)
01:04:15,540  INFO [main] MainFrame - injectMenuAction(Save As, File)
01:04:15,541  INFO [main] MainFrame - injectMenuAction(Separator, File)
01:04:15,542  INFO [main] MainFrame - injectMenuAction(Export to PDF, File)
01:04:15,543  INFO [main] MainFrame - injectMenuAction(Export to PNG, File)
01:04:15,544  INFO [main] MainFrame - injectMenuAction(Print..., File)
01:04:15,545  INFO [main] MainFrame - injectSubmenu(Trace Mask, icon, File)
01:04:15,545  INFO [main] MainFrame - injectMenuAction(Export to PDF, Trace Mask)
01:04:15,545  INFO [main] MainFrame - injectMenuAction(Export to PNG, Trace Mask)
01:04:15,546  INFO [main] MainFrame - injectMenuAction(Print..., Trace Mask)
01:04:15,547  INFO [main] MainFrame - injectMenuAction(Create B.O.M., File)
01:04:15,547  INFO [main] MainFrame - injectMenuAction(Separator, File)
01:04:15,548  INFO [main] MainFrame - injectMenuAction(Exit, File)
01:04:15,553  INFO [main] Presenter - installPlugin(EditMenuPlugin)
01:04:15,553  INFO [main] MainFrame - injectMenuAction(Undo, Edit)
01:04:15,554  INFO [main] MainFrame - injectMenuAction(Redo, Edit)
01:04:15,554  INFO [main] MainFrame - injectMenuAction(Separator, Edit)
01:04:15,555  INFO [main] MainFrame - injectMenuAction(Cut, Edit)
01:04:15,556  INFO [main] MainFrame - injectMenuAction(Copy, Edit)
01:04:15,557  INFO [main] MainFrame - injectMenuAction(Paste, Edit)
01:04:15,557  INFO [main] MainFrame - injectMenuAction(Separator, Edit)
01:04:15,558  INFO [main] MainFrame - injectMenuAction(Select All, Edit)
01:04:15,559  INFO [main] MainFrame - injectMenuAction(Edit Selection, Edit)
01:04:15,560  INFO [main] MainFrame - injectMenuAction(Delete Selection, Edit)
01:04:15,561  INFO [main] MainFrame - injectMenuAction(Rotate Clockwise, Edit)
01:04:15,562  INFO [main] MainFrame - injectMenuAction(Rotate Counterclockwise, Edit)
01:04:15,563  INFO [main] MainFrame - injectMenuAction(Send Backward, Edit)
01:04:15,564  INFO [main] MainFrame - injectMenuAction(Bring Forward, Edit)
01:04:15,566  INFO [main] MainFrame - injectMenuAction(Group Selection, Edit)
01:04:15,567  INFO [main] MainFrame - injectMenuAction(Ungroup Selection, Edit)
01:04:15,568  INFO [main] MainFrame - injectMenuAction(Separator, Edit)
01:04:15,569  INFO [main] MainFrame - injectMenuAction(Save as Template, Edit)
01:04:15,570  INFO [main] MainFrame - injectSubmenu(Renumber Selection, icon, Edit)
01:04:15,570  INFO [main] MainFrame - injectMenuAction(X Axis First, Renumber Selection)
01:04:15,571  INFO [main] MainFrame - injectMenuAction(Y Axis First, Renumber Selection)
01:04:15,572  INFO [main] MainFrame - injectSubmenu(Expand Selection, icon, Edit)
01:04:15,573  INFO [main] MainFrame - injectMenuAction(All Connected, Expand Selection)
01:04:15,573  INFO [main] MainFrame - injectMenuAction(Immediate Only, Expand Selection)
01:04:15,573  INFO [main] MainFrame - injectMenuAction(Same Type Only, Expand Selection)
01:04:15,573  INFO [main] MainFrame - injectMenuAction(Separator, Edit)
01:04:15,574  INFO [main] MainFrame - injectMenuAction(Edit Project, Edit)
01:04:15,597  INFO [main] Presenter - installPlugin(ConfigPlugin)
01:04:15,598  INFO [main] MainFrame - injectMenuAction(Anti-Aliasing, Config)
01:04:15,599  INFO [main] MainFrame - injectMenuAction(Auto-Create Pads, Config)
01:04:15,599  INFO [main] MainFrame - injectMenuAction(Auto-Edit Mode, Config)
01:04:15,600  INFO [main] MainFrame - injectMenuAction(Continuous Creation, Config)
01:04:15,600  INFO [main] MainFrame - injectMenuAction(Export Grid, Config)
01:04:15,600  INFO [main] MainFrame - injectMenuAction(Hi-Quality Rendering, Config)
01:04:15,600  INFO [main] MainFrame - injectMenuAction(Mouse Wheel Zoom, Config)
01:04:15,600  INFO [main] MainFrame - injectMenuAction(Outline Mode, Config)
01:04:15,601  INFO [main] MainFrame - injectMenuAction(Snap to Grid, Config)
01:04:15,601  INFO [main] MainFrame - injectMenuAction(Sticky Points, Config)
01:04:15,602  INFO [main] MainFrame - injectSubmenu(Chassis, icon, Layers)
01:04:15,602  INFO [main] MainFrame - injectMenuAction(Lock, Chassis)
01:04:15,602  INFO [main] MainFrame - injectMenuAction(Select All, Chassis)
01:04:15,603  INFO [main] MainFrame - injectSubmenu(Board, icon, Layers)
01:04:15,603  INFO [main] MainFrame - injectMenuAction(Lock, Board)
01:04:15,603  INFO [main] MainFrame - injectMenuAction(Select All, Board)
01:04:15,604  INFO [main] MainFrame - injectSubmenu(Trace, icon, Layers)
01:04:15,604  INFO [main] MainFrame - injectMenuAction(Lock, Trace)
01:04:15,604  INFO [main] MainFrame - injectMenuAction(Select All, Trace)
01:04:15,604  INFO [main] MainFrame - injectSubmenu(Component, icon, Layers)
01:04:15,605  INFO [main] MainFrame - injectMenuAction(Lock, Component)
01:04:15,605  INFO [main] MainFrame - injectMenuAction(Select All, Component)
01:04:15,605  INFO [main] MainFrame - injectSubmenu(Text, icon, Layers)
01:04:15,605  INFO [main] MainFrame - injectMenuAction(Lock, Text)
01:04:15,606  INFO [main] MainFrame - injectMenuAction(Select All, Text)
01:04:15,606  INFO [main] Presenter - installPlugin(LayersMenuPlugin)
01:04:15,607  INFO [main] MainFrame - injectMenuAction(User Manual, Help)
01:04:15,608  INFO [main] MainFrame - injectMenuAction(FAQ, Help)
01:04:15,609  INFO [main] MainFrame - injectMenuAction(Component API, Help)
01:04:15,610  INFO [main] MainFrame - injectMenuAction(Plugin API, Help)
01:04:15,611  INFO [main] MainFrame - injectMenuAction(Submit a Bug, Help)
01:04:15,611  INFO [main] MainFrame - injectMenuAction(Separator, Help)
01:04:15,612  INFO [main] MainFrame - injectMenuAction(Donate, Help)
01:04:15,613  INFO [main] MainFrame - injectMenuAction(About, Help)
01:04:15,613  INFO [main] Presenter - installPlugin(HelpMenuPlugin)
01:04:15,616  INFO [main] MainFrame - injectGUIComponent(org.diylc.swing.plugins.statusbar.StatusBar, 3)
01:04:15,618  INFO [main] Presenter - installPlugin(StatusBar)
01:04:15,652  INFO [SwingWorker-pool-1-thread-1] UpdateChecker - Trying to download file: http://www.diy-fever.com/update.xml
01:04:15,653  INFO [main] Presenter - installPlugin(CanvasPlugin)
01:04:15,660  INFO [main] MainFrame - injectGUIComponent(org.diylc.swingframework.ruler.RulerScrollPane, 0)
01:04:15,708  INFO [main] Presenter - installPlugin(FramePlugin)
01:04:15,711  INFO [main] Presenter - installPlugin(AutoSavePlugin)
01:04:15,711  INFO [main] Presenter - createNewFile()
01:04:15,711  INFO [AWT-EventQueue-0] ConfigurationManager - Saving configuration
01:04:15,714  INFO [main] Presenter - loadProject(New Project, true)
01:04:15,876 DEBUG [main] TemplateDialog - Found 0 templates
01:04:15,919  INFO [main] DIYLCStarter - Injecting default properties.
01:04:15,933  INFO [SwingWorker-pool-1-thread-1] UpdateChecker - 0 updates found
01:04:18,549  INFO [AWT-EventQueue-0] ConfigurationManager - Saving configuration
