01:38:55,524 DEBUG [main] DIYLCStarter - Java version: 1.8.0_60-b27 by Oracle Corporation
01:38:55,525 DEBUG [main] DIYLCStarter - OS: Mac OS X 10.11.1
01:38:55,525  INFO [main] DIYLCStarter - Starting DIYLC with working directory /Users/neko/dev/projects/github/diy-layout-creator/diylc-swing
01:38:55,847  INFO [main] ConfigurationManager - Initializing configuration
01:38:55,944  INFO [main] Presenter - installPlugin(ToolBox)
01:38:55,952  INFO [main] Presenter - Loading component types.
01:38:56,020 DEBUG [main] ComponentProcessor - Loading "Breadboard"
01:38:56,056 DEBUG [main] ComponentProcessor - Loading "Potentiometer (panel mount)"
01:38:56,058 DEBUG [main] ComponentProcessor - Loading "Ground Fill"
01:38:56,059 DEBUG [main] ComponentProcessor - Loading "9V Battery Snap"
01:38:56,060 DEBUG [main] ComponentProcessor - Loading "Diode (plastic)"
01:38:56,061 DEBUG [main] ComponentProcessor - Loading "Mini Toggle Switch"
01:38:56,061 DEBUG [main] ComponentProcessor - Loading "Vero Board"
01:38:56,062 DEBUG [main] ComponentProcessor - Loading "Lever Switch"
01:38:56,065 DEBUG [main] ComponentProcessor - Loading "LED"
01:38:56,067 DEBUG [main] ComponentProcessor - Loading "Film Capacitor (radial)"
01:38:56,067 DEBUG [main] ComponentProcessor - Loading "Label"
01:38:56,656 DEBUG [main] ComponentProcessor - Loading "Trimmer Potentiometer"
01:38:56,658 DEBUG [main] ComponentProcessor - Loading "Capacitor (schematic symbol)"
01:38:56,658 DEBUG [main] ComponentProcessor - Loading "Marshall Style Perf Board"
01:38:56,659 DEBUG [main] ComponentProcessor - Loading "Trace Cut"
01:38:56,659 DEBUG [main] ComponentProcessor - Loading "Hookup Wire"
01:38:56,660 DEBUG [main] ComponentProcessor - Loading "Mini Relay"
01:38:56,661 DEBUG [main] ComponentProcessor - Loading "Blank Board"
01:38:56,661 DEBUG [main] ComponentProcessor - Loading "IC Symbol"
01:38:56,663 DEBUG [main] ComponentProcessor - Loading "Plastic DC Jack"
01:38:56,663 DEBUG [main] ComponentProcessor - Loading "Jumper"
01:38:56,664 DEBUG [main] ComponentProcessor - Loading "Diode Symbol"
01:38:56,664 DEBUG [main] ComponentProcessor - Loading "Transistor (TO-1 package)"
01:38:56,664 DEBUG [main] ComponentProcessor - Loading "DIP IC"
01:38:56,665 DEBUG [main] ComponentProcessor - Loading "Zener diode (schematic symbol)"
01:38:56,665 DEBUG [main] ComponentProcessor - Loading "Inductor (schematic symbol)"
01:38:56,666 DEBUG [main] ComponentProcessor - Loading "Humbucker Pickup"
01:38:56,666 DEBUG [main] ComponentProcessor - Loading "Diode (schematic symbol)"
01:38:56,666 DEBUG [main] ComponentProcessor - Loading "Perf Board w/ Pads"
01:38:56,667 DEBUG [main] ComponentProcessor - Loading "Eyelet"
01:38:56,667 DEBUG [main] ComponentProcessor - Loading "Copper Trace"
01:38:56,668 DEBUG [main] ComponentProcessor - Loading "JFET Symbol"
01:38:56,669 DEBUG [main] ComponentProcessor - Loading "Triode Symbol"
01:38:56,675 DEBUG [main] ComponentProcessor - Loading "Electrolytic Capacitor (axial)"
01:38:56,676 DEBUG [main] ComponentProcessor - Loading "Eyelet Board"
01:38:56,676 DEBUG [main] ComponentProcessor - Loading "Closed 1/4" Jack"
01:38:56,676 DEBUG [main] ComponentProcessor - Loading "LED (schematic symbol)"
01:38:56,677 DEBUG [main] ComponentProcessor - Loading "Transistor (TO-92 package)"
01:38:56,677 DEBUG [main] ComponentProcessor - Loading "Strat Single Coil Pickup"
01:38:56,678 DEBUG [main] ComponentProcessor - Loading "Cliff 1/4" Jack"
01:38:56,678 DEBUG [main] ComponentProcessor - Loading "Dot"
01:38:56,678 DEBUG [main] ComponentProcessor - Loading "Pentode Symbol"
01:38:56,679 DEBUG [main] ComponentProcessor - Loading "Polygon"
01:38:56,679 DEBUG [main] ComponentProcessor - Loading "BJT Symbol"
01:38:56,679 DEBUG [main] ComponentProcessor - Loading "Rectangle"
01:38:56,679 DEBUG [main] ComponentProcessor - Loading "Electrolytic Capacitor"
01:38:56,680 DEBUG [main] ComponentProcessor - Loading "Ellipse"
01:38:56,680 DEBUG [main] ComponentProcessor - Loading "Film Capacitor (axial)"
01:38:56,681 DEBUG [main] ComponentProcessor - Loading "Solder Pad"
01:38:56,681 DEBUG [main] ComponentProcessor - Loading "PCB Text"
01:38:56,681 DEBUG [main] ComponentProcessor - Loading "Schottky diode (schematic symbol)"
01:38:56,682 DEBUG [main] ComponentProcessor - Loading "MOSFET Symbol"
01:38:56,682 DEBUG [main] ComponentProcessor - Loading "Resistor"
01:38:56,683 DEBUG [main] ComponentProcessor - Loading "Resistor (schematic symbol)"
01:38:56,684 DEBUG [main] ComponentProcessor - Loading "Line"
01:38:56,684 DEBUG [main] ComponentProcessor - Loading "Tube Socket"
01:38:56,685 DEBUG [main] ComponentProcessor - Loading "Image"
01:38:56,685 DEBUG [main] ComponentProcessor - Loading "TriPad Board"
01:38:56,687 DEBUG [main] ComponentProcessor - Loading "Curved Trace"
01:38:56,687 DEBUG [main] ComponentProcessor - Loading "Ceramic Capacitor (radial)"
01:38:56,687 DEBUG [main] ComponentProcessor - Loading "Transistor (TO-3 package)"
01:38:56,691 DEBUG [main] ComponentProcessor - Loading "SIP IC"
01:38:56,691 DEBUG [main] ComponentProcessor - Loading "Transistor (TO-220 package)"
01:38:56,692 DEBUG [main] ComponentProcessor - Loading "Ground Symbol"
01:38:56,804  INFO [main] MainFrame - injectGUIComponent(org.diylc.swing.plugins.toolbox.ComponentTabbedPane, 1)
01:38:56,857  INFO [main] Presenter - installPlugin(FileMenuPlugin)
01:38:56,863  INFO [main] MainFrame - injectMenuAction(New, File)
01:38:56,879  INFO [main] MainFrame - injectMenuAction(Open, File)
01:38:56,883  INFO [main] MainFrame - injectMenuAction(Import, File)
01:38:56,884  INFO [main] MainFrame - injectMenuAction(Save, File)
01:38:56,885  INFO [main] MainFrame - injectMenuAction(Save As, File)
01:38:56,885  INFO [main] MainFrame - injectMenuAction(Separator, File)
01:38:56,887  INFO [main] MainFrame - injectMenuAction(Export to PDF, File)
01:38:56,888  INFO [main] MainFrame - injectMenuAction(Export to PNG, File)
01:38:56,890  INFO [main] MainFrame - injectMenuAction(Print..., File)
01:38:56,891  INFO [main] MainFrame - injectSubmenu(Trace Mask, icon, File)
01:38:56,891  INFO [main] MainFrame - injectMenuAction(Export to PDF, Trace Mask)
01:38:56,891  INFO [main] MainFrame - injectMenuAction(Export to PNG, Trace Mask)
01:38:56,891  INFO [main] MainFrame - injectMenuAction(Print..., Trace Mask)
01:38:56,893  INFO [main] MainFrame - injectMenuAction(Create B.O.M., File)
01:38:56,893  INFO [main] MainFrame - injectMenuAction(Separator, File)
01:38:56,894  INFO [main] MainFrame - injectMenuAction(Exit, File)
01:38:56,900  INFO [main] Presenter - installPlugin(EditMenuPlugin)
01:38:56,900  INFO [main] MainFrame - injectMenuAction(Undo, Edit)
01:38:56,900  INFO [main] MainFrame - injectMenuAction(Redo, Edit)
01:38:56,901  INFO [main] MainFrame - injectMenuAction(Separator, Edit)
01:38:56,902  INFO [main] MainFrame - injectMenuAction(Cut, Edit)
01:38:56,903  INFO [main] MainFrame - injectMenuAction(Copy, Edit)
01:38:56,904  INFO [main] MainFrame - injectMenuAction(Paste, Edit)
01:38:56,904  INFO [main] MainFrame - injectMenuAction(Separator, Edit)
01:38:56,905  INFO [main] MainFrame - injectMenuAction(Select All, Edit)
01:38:56,906  INFO [main] MainFrame - injectMenuAction(Edit Selection, Edit)
01:38:56,907  INFO [main] MainFrame - injectMenuAction(Delete Selection, Edit)
01:38:56,909  INFO [main] MainFrame - injectMenuAction(Rotate Clockwise, Edit)
01:38:56,910  INFO [main] MainFrame - injectMenuAction(Rotate Counterclockwise, Edit)
01:38:56,911  INFO [main] MainFrame - injectMenuAction(Send Backward, Edit)
01:38:56,912  INFO [main] MainFrame - injectMenuAction(Bring Forward, Edit)
01:38:56,913  INFO [main] MainFrame - injectMenuAction(Group Selection, Edit)
01:38:56,914  INFO [main] MainFrame - injectMenuAction(Ungroup Selection, Edit)
01:38:56,915  INFO [main] MainFrame - injectMenuAction(Separator, Edit)
01:38:56,916  INFO [main] MainFrame - injectMenuAction(Save as Template, Edit)
01:38:56,917  INFO [main] MainFrame - injectSubmenu(Renumber Selection, icon, Edit)
01:38:56,917  INFO [main] MainFrame - injectMenuAction(X Axis First, Renumber Selection)
01:38:56,918  INFO [main] MainFrame - injectMenuAction(Y Axis First, Renumber Selection)
01:38:56,919  INFO [main] MainFrame - injectSubmenu(Expand Selection, icon, Edit)
01:38:56,920  INFO [main] MainFrame - injectMenuAction(All Connected, Expand Selection)
01:38:56,920  INFO [main] MainFrame - injectMenuAction(Immediate Only, Expand Selection)
01:38:56,920  INFO [main] MainFrame - injectMenuAction(Same Type Only, Expand Selection)
01:38:56,920  INFO [main] MainFrame - injectMenuAction(Separator, Edit)
01:38:56,921  INFO [main] MainFrame - injectMenuAction(Edit Project, Edit)
01:38:56,945  INFO [main] Presenter - installPlugin(ConfigPlugin)
01:38:56,945  INFO [main] MainFrame - injectMenuAction(Anti-Aliasing, Config)
01:38:56,947  INFO [main] MainFrame - injectMenuAction(Auto-Create Pads, Config)
01:38:56,948  INFO [main] MainFrame - injectMenuAction(Auto-Edit Mode, Config)
01:38:56,948  INFO [main] MainFrame - injectMenuAction(Continuous Creation, Config)
01:38:56,948  INFO [main] MainFrame - injectMenuAction(Export Grid, Config)
01:38:56,948  INFO [main] MainFrame - injectMenuAction(Hi-Quality Rendering, Config)
01:38:56,948  INFO [main] MainFrame - injectMenuAction(Mouse Wheel Zoom, Config)
01:38:56,948  INFO [main] MainFrame - injectMenuAction(Outline Mode, Config)
01:38:56,949  INFO [main] MainFrame - injectMenuAction(Snap to Grid, Config)
01:38:56,949  INFO [main] MainFrame - injectMenuAction(Sticky Points, Config)
01:38:56,950  INFO [main] MainFrame - injectSubmenu(Chassis, icon, Layers)
01:38:56,950  INFO [main] MainFrame - injectMenuAction(Lock, Chassis)
01:38:56,950  INFO [main] MainFrame - injectMenuAction(Select All, Chassis)
01:38:56,951  INFO [main] MainFrame - injectSubmenu(Board, icon, Layers)
01:38:56,951  INFO [main] MainFrame - injectMenuAction(Lock, Board)
01:38:56,951  INFO [main] MainFrame - injectMenuAction(Select All, Board)
01:38:56,951  INFO [main] MainFrame - injectSubmenu(Trace, icon, Layers)
01:38:56,951  INFO [main] MainFrame - injectMenuAction(Lock, Trace)
01:38:56,952  INFO [main] MainFrame - injectMenuAction(Select All, Trace)
01:38:56,952  INFO [main] MainFrame - injectSubmenu(Component, icon, Layers)
01:38:56,952  INFO [main] MainFrame - injectMenuAction(Lock, Component)
01:38:56,952  INFO [main] MainFrame - injectMenuAction(Select All, Component)
01:38:56,952  INFO [main] MainFrame - injectSubmenu(Text, icon, Layers)
01:38:56,952  INFO [main] MainFrame - injectMenuAction(Lock, Text)
01:38:56,953  INFO [main] MainFrame - injectMenuAction(Select All, Text)
01:38:56,953  INFO [main] Presenter - installPlugin(LayersMenuPlugin)
01:38:56,954  INFO [main] MainFrame - injectMenuAction(User Manual, Help)
01:38:56,956  INFO [main] MainFrame - injectMenuAction(FAQ, Help)
01:38:56,957  INFO [main] MainFrame - injectMenuAction(Component API, Help)
01:38:56,958  INFO [main] MainFrame - injectMenuAction(Plugin API, Help)
01:38:56,959  INFO [main] MainFrame - injectMenuAction(Submit a Bug, Help)
01:38:56,959  INFO [main] MainFrame - injectMenuAction(Separator, Help)
01:38:56,960  INFO [main] MainFrame - injectMenuAction(Donate, Help)
01:38:56,961  INFO [main] MainFrame - injectMenuAction(About, Help)
01:38:56,961  INFO [main] Presenter - installPlugin(HelpMenuPlugin)
01:38:56,964  INFO [main] MainFrame - injectGUIComponent(org.diylc.swing.plugins.statusbar.StatusBar, 3)
01:38:56,966  INFO [main] Presenter - installPlugin(StatusBar)
01:38:57,001  INFO [SwingWorker-pool-1-thread-1] UpdateChecker - Trying to download file: http://www.diy-fever.com/update.xml
01:38:57,003  INFO [main] Presenter - installPlugin(CanvasPlugin)
01:38:57,044  INFO [main] MainFrame - injectGUIComponent(org.diylc.swingframework.ruler.RulerScrollPane, 0)
01:38:57,052  INFO [main] Presenter - installPlugin(FramePlugin)
01:38:57,055  INFO [main] Presenter - installPlugin(AutoSavePlugin)
01:38:57,055  INFO [main] Presenter - createNewFile()
01:38:57,055  INFO [AWT-EventQueue-0] ConfigurationManager - Saving configuration
01:38:57,059  INFO [main] Presenter - loadProject(New Project, true)
01:38:57,210 DEBUG [main] TemplateDialog - Found 0 templates
01:38:57,249  INFO [main] DIYLCStarter - Injecting default properties.
01:38:57,296  INFO [SwingWorker-pool-1-thread-1] UpdateChecker - 0 updates found
