01:18:06,851 DEBUG [main] DIYLCStarter - Java version: 1.8.0_60-b27 by Oracle Corporation
01:18:06,852 DEBUG [main] DIYLCStarter - OS: Mac OS X 10.11.1
01:18:06,852  INFO [main] DIYLCStarter - Starting DIYLC with working directory /Users/neko/dev/projects/github/diy-layout-creator/diylc-swing
01:18:07,196  INFO [main] ConfigurationManager - Initializing configuration
01:18:07,295  INFO [main] Presenter - installPlugin(ToolBox)
01:18:07,303  INFO [main] Presenter - Loading component types.
01:20:49,040 DEBUG [main] ComponentProcessor - Loading "Diode Symbol"
01:20:53,769 DEBUG [main] ComponentProcessor - Loading "Electrolytic Capacitor (axial)"
01:20:53,771 DEBUG [main] ComponentProcessor - Loading "Line"
01:20:53,771 DEBUG [main] ComponentProcessor - Loading "Ellipse"
01:20:53,772 DEBUG [main] ComponentProcessor - Loading "Schottky diode (schematic symbol)"
01:20:53,774 DEBUG [main] ComponentProcessor - Loading "Transistor (TO-3 package)"
01:20:53,782 DEBUG [main] ComponentProcessor - Loading "Pentode Symbol"
01:20:53,788 DEBUG [main] ComponentProcessor - Loading "PCB Text"
01:20:54,418 DEBUG [main] ComponentProcessor - Loading "Copper Trace"
01:20:54,419 DEBUG [main] ComponentProcessor - Loading "Ground Symbol"
01:20:54,419 DEBUG [main] ComponentProcessor - Loading "Transistor (TO-92 package)"
01:20:54,421 DEBUG [main] ComponentProcessor - Loading "Strat Single Coil Pickup"
01:20:54,422 DEBUG [main] ComponentProcessor - Loading "Electrolytic Capacitor"
01:20:54,423 DEBUG [main] ComponentProcessor - Loading "BJT Symbol"
01:20:54,423 DEBUG [main] ComponentProcessor - Loading "Solder Pad"
01:20:54,424 DEBUG [main] ComponentProcessor - Loading "Trimmer Potentiometer"
01:20:54,425 DEBUG [main] ComponentProcessor - Loading "Diode (schematic symbol)"
01:20:54,425 DEBUG [main] ComponentProcessor - Loading "Zener diode (schematic symbol)"
01:20:54,425 DEBUG [main] ComponentProcessor - Loading "Mini Toggle Switch"
01:20:54,427 DEBUG [main] ComponentProcessor - Loading "Potentiometer (panel mount)"
01:20:54,427 DEBUG [main] ComponentProcessor - Loading "Triode Symbol"
01:20:54,427 DEBUG [main] ComponentProcessor - Loading "Transistor (TO-1 package)"
01:20:54,428 DEBUG [main] ComponentProcessor - Loading "Ground Fill"
01:20:54,428 DEBUG [main] ComponentProcessor - Loading "Tube Socket"
01:20:54,429 DEBUG [main] ComponentProcessor - Loading "Humbucker Pickup"
01:20:54,430 DEBUG [main] ComponentProcessor - Loading "Image"
