01:02:11,383 DEBUG [main] DIYLCStarter - Java version: 1.8.0_60-b27 by Oracle Corporation
01:02:11,383 DEBUG [main] DIYLCStarter - OS: Mac OS X 10.11.1
01:02:11,383  INFO [main] DIYLCStarter - Starting DIYLC with working directory /Users/neko/dev/projects/github/diy-layout-creator/diylc-swing
01:02:14,136  INFO [main] ConfigurationManager - Initializing configuration
01:02:14,161 ERROR [main] Presenter - Could not find version number, using default
java.io.FileNotFoundException: update.xml (No such file or directory)
	at java.io.FileInputStream.open0(Native Method)
	at java.io.FileInputStream.open(FileInputStream.java:195)
	at java.io.FileInputStream.<init>(FileInputStream.java:138)
	at java.io.FileInputStream.<init>(FileInputStream.java:93)
	at org.diylc.presenter.Presenter.<clinit>(Presenter.java:74)
	at org.diylc.swing.gui.MainFrame.<init>(MainFrame.java:94)
	at org.diylc.DIYLCStarter.main(DIYLCStarter.java:75)
01:02:14,175  INFO [main] Presenter - installPlugin(ToolBox)
01:02:14,181  INFO [main] Presenter - Loading component types.
01:02:14,432  INFO [main] MainFrame - injectGUIComponent(org.diylc.swing.plugins.toolbox.ComponentTabbedPane, 1)
01:02:14,459  INFO [main] Presenter - installPlugin(FileMenuPlugin)
01:02:14,464  INFO [main] MainFrame - injectMenuAction(New, File)
01:02:14,472  INFO [main] MainFrame - injectMenuAction(Open, File)
01:02:14,475  INFO [main] MainFrame - injectMenuAction(Import, File)
01:02:14,476  INFO [main] MainFrame - injectMenuAction(Save, File)
01:02:14,476  INFO [main] MainFrame - injectMenuAction(Save As, File)
01:02:14,477  INFO [main] MainFrame - injectMenuAction(Separator, File)
01:02:14,479  INFO [main] MainFrame - injectMenuAction(Export to PDF, File)
01:02:14,480  INFO [main] MainFrame - injectMenuAction(Export to PNG, File)
01:02:14,481  INFO [main] MainFrame - injectMenuAction(Print..., File)
01:02:14,482  INFO [main] MainFrame - injectSubmenu(Trace Mask, icon, File)
01:02:14,483  INFO [main] MainFrame - injectMenuAction(Export to PDF, Trace Mask)
01:02:14,483  INFO [main] MainFrame - injectMenuAction(Export to PNG, Trace Mask)
01:02:14,484  INFO [main] MainFrame - injectMenuAction(Print..., Trace Mask)
01:02:14,485  INFO [main] MainFrame - injectMenuAction(Create B.O.M., File)
01:02:14,485  INFO [main] MainFrame - injectMenuAction(Separator, File)
01:02:14,486  INFO [main] MainFrame - injectMenuAction(Exit, File)
01:02:14,492  INFO [main] Presenter - installPlugin(EditMenuPlugin)
01:02:14,492  INFO [main] MainFrame - injectMenuAction(Undo, Edit)
01:02:14,493  INFO [main] MainFrame - injectMenuAction(Redo, Edit)
01:02:14,493  INFO [main] MainFrame - injectMenuAction(Separator, Edit)
01:02:14,494  INFO [main] MainFrame - injectMenuAction(Cut, Edit)
01:02:14,495  INFO [main] MainFrame - injectMenuAction(Copy, Edit)
01:02:14,497  INFO [main] MainFrame - injectMenuAction(Paste, Edit)
01:02:14,497  INFO [main] MainFrame - injectMenuAction(Separator, Edit)
01:02:14,498  INFO [main] MainFrame - injectMenuAction(Select All, Edit)
01:02:14,499  INFO [main] MainFrame - injectMenuAction(Edit Selection, Edit)
01:02:14,500  INFO [main] MainFrame - injectMenuAction(Delete Selection, Edit)
01:02:14,500  INFO [main] MainFrame - injectMenuAction(Rotate Clockwise, Edit)
01:02:14,501  INFO [main] MainFrame - injectMenuAction(Rotate Counterclockwise, Edit)
01:02:14,502  INFO [main] MainFrame - injectMenuAction(Send Backward, Edit)
01:02:14,503  INFO [main] MainFrame - injectMenuAction(Bring Forward, Edit)
01:02:14,504  INFO [main] MainFrame - injectMenuAction(Group Selection, Edit)
01:02:14,505  INFO [main] MainFrame - injectMenuAction(Ungroup Selection, Edit)
01:02:14,506  INFO [main] MainFrame - injectMenuAction(Separator, Edit)
01:02:14,506  INFO [main] MainFrame - injectMenuAction(Save as Template, Edit)
01:02:14,507  INFO [main] MainFrame - injectSubmenu(Renumber Selection, icon, Edit)
01:02:14,508  INFO [main] MainFrame - injectMenuAction(X Axis First, Renumber Selection)
01:02:14,508  INFO [main] MainFrame - injectMenuAction(Y Axis First, Renumber Selection)
01:02:14,508  INFO [main] MainFrame - injectSubmenu(Expand Selection, icon, Edit)
01:02:14,509  INFO [main] MainFrame - injectMenuAction(All Connected, Expand Selection)
01:02:14,509  INFO [main] MainFrame - injectMenuAction(Immediate Only, Expand Selection)
01:02:14,509  INFO [main] MainFrame - injectMenuAction(Same Type Only, Expand Selection)
01:02:14,510  INFO [main] MainFrame - injectMenuAction(Separator, Edit)
01:02:14,510  INFO [main] MainFrame - injectMenuAction(Edit Project, Edit)
01:02:14,537  INFO [main] Presenter - installPlugin(ConfigPlugin)
01:02:14,537  INFO [main] MainFrame - injectMenuAction(Anti-Aliasing, Config)
01:02:14,539  INFO [main] MainFrame - injectMenuAction(Auto-Create Pads, Config)
01:02:14,540  INFO [main] MainFrame - injectMenuAction(Auto-Edit Mode, Config)
01:02:14,540  INFO [main] MainFrame - injectMenuAction(Continuous Creation, Config)
01:02:14,540  INFO [main] MainFrame - injectMenuAction(Export Grid, Config)
01:02:14,541  INFO [main] MainFrame - injectMenuAction(Hi-Quality Rendering, Config)
01:02:14,541  INFO [main] MainFrame - injectMenuAction(Mouse Wheel Zoom, Config)
01:02:14,541  INFO [main] MainFrame - injectMenuAction(Outline Mode, Config)
01:02:14,541  INFO [main] MainFrame - injectMenuAction(Snap to Grid, Config)
01:02:14,542  INFO [main] MainFrame - injectMenuAction(Sticky Points, Config)
01:02:14,543  INFO [main] MainFrame - injectSubmenu(Chassis, icon, Layers)
01:02:14,543  INFO [main] MainFrame - injectMenuAction(Lock, Chassis)
01:02:14,543  INFO [main] MainFrame - injectMenuAction(Select All, Chassis)
01:02:14,544  INFO [main] MainFrame - injectSubmenu(Board, icon, Layers)
01:02:14,544  INFO [main] MainFrame - injectMenuAction(Lock, Board)
01:02:14,544  INFO [main] MainFrame - injectMenuAction(Select All, Board)
01:02:14,544  INFO [main] MainFrame - injectSubmenu(Trace, icon, Layers)
01:02:14,545  INFO [main] MainFrame - injectMenuAction(Lock, Trace)
01:02:14,545  INFO [main] MainFrame - injectMenuAction(Select All, Trace)
01:02:14,545  INFO [main] MainFrame - injectSubmenu(Component, icon, Layers)
01:02:14,545  INFO [main] MainFrame - injectMenuAction(Lock, Component)
01:02:14,546  INFO [main] MainFrame - injectMenuAction(Select All, Component)
01:02:14,546  INFO [main] MainFrame - injectSubmenu(Text, icon, Layers)
01:02:14,546  INFO [main] MainFrame - injectMenuAction(Lock, Text)
01:02:14,546  INFO [main] MainFrame - injectMenuAction(Select All, Text)
01:02:14,547  INFO [main] Presenter - installPlugin(LayersMenuPlugin)
01:02:14,548  INFO [main] MainFrame - injectMenuAction(User Manual, Help)
01:02:14,549  INFO [main] MainFrame - injectMenuAction(FAQ, Help)
01:02:14,550  INFO [main] MainFrame - injectMenuAction(Component API, Help)
01:02:14,551  INFO [main] MainFrame - injectMenuAction(Plugin API, Help)
01:02:14,552  INFO [main] MainFrame - injectMenuAction(Submit a Bug, Help)
01:02:14,552  INFO [main] MainFrame - injectMenuAction(Separator, Help)
01:02:14,553  INFO [main] MainFrame - injectMenuAction(Donate, Help)
01:02:14,554  INFO [main] MainFrame - injectMenuAction(About, Help)
01:02:14,554  INFO [main] Presenter - installPlugin(HelpMenuPlugin)
01:02:14,556  INFO [main] MainFrame - injectGUIComponent(org.diylc.swing.plugins.statusbar.StatusBar, 3)
01:02:14,557  INFO [main] Presenter - installPlugin(StatusBar)
01:02:14,630  INFO [SwingWorker-pool-1-thread-1] UpdateChecker - Trying to download file: http://www.diy-fever.com/update.xml
01:02:14,633  INFO [main] Presenter - installPlugin(CanvasPlugin)
01:02:14,642  INFO [main] MainFrame - injectGUIComponent(org.diylc.swingframework.ruler.RulerScrollPane, 0)
01:02:14,648  INFO [main] Presenter - installPlugin(FramePlugin)
01:02:14,651  INFO [main] Presenter - installPlugin(AutoSavePlugin)
01:02:14,651  INFO [main] Presenter - createNewFile()
01:02:14,651  INFO [AWT-EventQueue-0] ConfigurationManager - Saving configuration
01:02:14,657  INFO [main] Presenter - loadProject(New Project, true)
01:02:14,817 DEBUG [main] TemplateDialog - Found 0 templates
01:02:14,842  INFO [main] DIYLCStarter - Injecting default properties.
01:02:14,897  INFO [SwingWorker-pool-1-thread-1] UpdateChecker - 34 updates found
