01:08:50,208 DEBUG [main] DIYLCStarter - Java version: 1.8.0_60-b27 by Oracle Corporation
01:08:50,208 DEBUG [main] DIYLCStarter - OS: Mac OS X 10.11.1
01:08:50,208  INFO [main] DIYLCStarter - Starting DIYLC with working directory /Users/neko/dev/projects/github/diy-layout-creator/diylc-swing
01:08:50,541  INFO [main] ConfigurationManager - Initializing configuration
01:08:50,636  INFO [main] Presenter - installPlugin(ToolBox)
01:08:50,643  INFO [main] Presenter - Loading component types.
01:08:51,481  INFO [main] MainFrame - injectGUIComponent(org.diylc.swing.plugins.toolbox.ComponentTabbedPane, 1)
01:08:51,534  INFO [main] Presenter - installPlugin(FileMenuPlugin)
01:08:51,538  INFO [main] MainFrame - injectMenuAction(New, File)
01:08:51,554  INFO [main] MainFrame - injectMenuAction(Open, File)
01:08:51,557  INFO [main] MainFrame - injectMenuAction(Import, File)
01:08:51,559  INFO [main] MainFrame - injectMenuAction(Save, File)
01:08:51,559  INFO [main] MainFrame - injectMenuAction(Save As, File)
01:08:51,559  INFO [main] MainFrame - injectMenuAction(Separator, File)
01:08:51,561  INFO [main] MainFrame - injectMenuAction(Export to PDF, File)
01:08:51,562  INFO [main] MainFrame - injectMenuAction(Export to PNG, File)
01:08:51,563  INFO [main] MainFrame - injectMenuAction(Print..., File)
01:08:51,564  INFO [main] MainFrame - injectSubmenu(Trace Mask, icon, File)
01:08:51,564  INFO [main] MainFrame - injectMenuAction(Export to PDF, Trace Mask)
01:08:51,564  INFO [main] MainFrame - injectMenuAction(Export to PNG, Trace Mask)
01:08:51,565  INFO [main] MainFrame - injectMenuAction(Print..., Trace Mask)
01:08:51,565  INFO [main] MainFrame - injectMenuAction(Create B.O.M., File)
01:08:51,566  INFO [main] MainFrame - injectMenuAction(Separator, File)
01:08:51,566  INFO [main] MainFrame - injectMenuAction(Exit, File)
01:08:51,571  INFO [main] Presenter - installPlugin(EditMenuPlugin)
01:08:51,571  INFO [main] MainFrame - injectMenuAction(Undo, Edit)
01:08:51,572  INFO [main] MainFrame - injectMenuAction(Redo, Edit)
01:08:51,572  INFO [main] MainFrame - injectMenuAction(Separator, Edit)
01:08:51,573  INFO [main] MainFrame - injectMenuAction(Cut, Edit)
01:08:51,574  INFO [main] MainFrame - injectMenuAction(Copy, Edit)
01:08:51,575  INFO [main] MainFrame - injectMenuAction(Paste, Edit)
01:08:51,575  INFO [main] MainFrame - injectMenuAction(Separator, Edit)
01:08:51,576  INFO [main] MainFrame - injectMenuAction(Select All, Edit)
01:08:51,577  INFO [main] MainFrame - injectMenuAction(Edit Selection, Edit)
01:08:51,578  INFO [main] MainFrame - injectMenuAction(Delete Selection, Edit)
01:08:51,579  INFO [main] MainFrame - injectMenuAction(Rotate Clockwise, Edit)
01:08:51,579  INFO [main] MainFrame - injectMenuAction(Rotate Counterclockwise, Edit)
01:08:51,580  INFO [main] MainFrame - injectMenuAction(Send Backward, Edit)
01:08:51,581  INFO [main] MainFrame - injectMenuAction(Bring Forward, Edit)
01:08:51,582  INFO [main] MainFrame - injectMenuAction(Group Selection, Edit)
01:08:51,583  INFO [main] MainFrame - injectMenuAction(Ungroup Selection, Edit)
01:08:51,583  INFO [main] MainFrame - injectMenuAction(Separator, Edit)
01:08:51,584  INFO [main] MainFrame - injectMenuAction(Save as Template, Edit)
01:08:51,585  INFO [main] MainFrame - injectSubmenu(Renumber Selection, icon, Edit)
01:08:51,585  INFO [main] MainFrame - injectMenuAction(X Axis First, Renumber Selection)
01:08:51,586  INFO [main] MainFrame - injectMenuAction(Y Axis First, Renumber Selection)
01:08:51,586  INFO [main] MainFrame - injectSubmenu(Expand Selection, icon, Edit)
01:08:51,587  INFO [main] MainFrame - injectMenuAction(All Connected, Expand Selection)
01:08:51,587  INFO [main] MainFrame - injectMenuAction(Immediate Only, Expand Selection)
01:08:51,587  INFO [main] MainFrame - injectMenuAction(Same Type Only, Expand Selection)
01:08:51,587  INFO [main] MainFrame - injectMenuAction(Separator, Edit)
01:08:51,588  INFO [main] MainFrame - injectMenuAction(Edit Project, Edit)
01:08:51,609  INFO [main] Presenter - installPlugin(ConfigPlugin)
01:08:51,610  INFO [main] MainFrame - injectMenuAction(Anti-Aliasing, Config)
01:08:51,612  INFO [main] MainFrame - injectMenuAction(Auto-Create Pads, Config)
01:08:51,612  INFO [main] MainFrame - injectMenuAction(Auto-Edit Mode, Config)
01:08:51,612  INFO [main] MainFrame - injectMenuAction(Continuous Creation, Config)
01:08:51,612  INFO [main] MainFrame - injectMenuAction(Export Grid, Config)
01:08:51,613  INFO [main] MainFrame - injectMenuAction(Hi-Quality Rendering, Config)
01:08:51,613  INFO [main] MainFrame - injectMenuAction(Mouse Wheel Zoom, Config)
01:08:51,613  INFO [main] MainFrame - injectMenuAction(Outline Mode, Config)
01:08:51,613  INFO [main] MainFrame - injectMenuAction(Snap to Grid, Config)
01:08:51,614  INFO [main] MainFrame - injectMenuAction(Sticky Points, Config)
01:08:51,615  INFO [main] MainFrame - injectSubmenu(Chassis, icon, Layers)
01:08:51,616  INFO [main] MainFrame - injectMenuAction(Lock, Chassis)
01:08:51,616  INFO [main] MainFrame - injectMenuAction(Select All, Chassis)
01:08:51,616  INFO [main] MainFrame - injectSubmenu(Board, icon, Layers)
01:08:51,617  INFO [main] MainFrame - injectMenuAction(Lock, Board)
01:08:51,617  INFO [main] MainFrame - injectMenuAction(Select All, Board)
01:08:51,617  INFO [main] MainFrame - injectSubmenu(Trace, icon, Layers)
01:08:51,617  INFO [main] MainFrame - injectMenuAction(Lock, Trace)
01:08:51,617  INFO [main] MainFrame - injectMenuAction(Select All, Trace)
01:08:51,617  INFO [main] MainFrame - injectSubmenu(Component, icon, Layers)
01:08:51,618  INFO [main] MainFrame - injectMenuAction(Lock, Component)
01:08:51,618  INFO [main] MainFrame - injectMenuAction(Select All, Component)
01:08:51,618  INFO [main] MainFrame - injectSubmenu(Text, icon, Layers)
01:08:51,618  INFO [main] MainFrame - injectMenuAction(Lock, Text)
01:08:51,618  INFO [main] MainFrame - injectMenuAction(Select All, Text)
01:08:51,619  INFO [main] Presenter - installPlugin(LayersMenuPlugin)
01:08:51,620  INFO [main] MainFrame - injectMenuAction(User Manual, Help)
01:08:51,621  INFO [main] MainFrame - injectMenuAction(FAQ, Help)
01:08:51,622  INFO [main] MainFrame - injectMenuAction(Component API, Help)
01:08:51,623  INFO [main] MainFrame - injectMenuAction(Plugin API, Help)
01:08:51,624  INFO [main] MainFrame - injectMenuAction(Submit a Bug, Help)
01:08:51,624  INFO [main] MainFrame - injectMenuAction(Separator, Help)
01:08:51,625  INFO [main] MainFrame - injectMenuAction(Donate, Help)
01:08:51,626  INFO [main] MainFrame - injectMenuAction(About, Help)
01:08:51,626  INFO [main] Presenter - installPlugin(HelpMenuPlugin)
01:08:51,629  INFO [main] MainFrame - injectGUIComponent(org.diylc.swing.plugins.statusbar.StatusBar, 3)
01:08:51,630  INFO [main] Presenter - installPlugin(StatusBar)
01:08:51,663  INFO [SwingWorker-pool-1-thread-1] UpdateChecker - Trying to download file: http://www.diy-fever.com/update.xml
01:08:51,665  INFO [main] Presenter - installPlugin(CanvasPlugin)
01:08:51,705  INFO [main] MainFrame - injectGUIComponent(org.diylc.swingframework.ruler.RulerScrollPane, 0)
01:08:51,716  INFO [main] Presenter - installPlugin(FramePlugin)
01:08:51,718  INFO [main] Presenter - installPlugin(AutoSavePlugin)
01:08:51,719  INFO [main] Presenter - createNewFile()
01:08:51,719  INFO [AWT-EventQueue-0] ConfigurationManager - Saving configuration
01:08:51,721  INFO [main] Presenter - loadProject(New Project, true)
01:08:51,869 DEBUG [main] TemplateDialog - Found 0 templates
01:08:51,899  INFO [main] DIYLCStarter - Injecting default properties.
01:08:51,944  INFO [SwingWorker-pool-1-thread-1] UpdateChecker - 0 updates found
01:09:00,630  INFO [AWT-EventQueue-0] ActionFactory - ExitAction triggered
