00:46:20,859 DEBUG [main] DIYLCStarter - Java version: 1.8.0_60-b27 by Oracle Corporation
00:46:20,860 DEBUG [main] DIYLCStarter - OS: Mac OS X 10.11.1
00:46:20,860  INFO [main] DIYLCStarter - Starting DIYLC with working directory /Users/neko/dev/projects/github/diy-layout-creator/diylc-swing
00:46:21,207  INFO [main] ConfigurationManager - Initializing configuration
00:46:21,306  INFO [main] Presenter - installPlugin(ToolBox)
00:46:21,314  INFO [main] Presenter - Loading component types.
00:46:22,254  INFO [main] MainFrame - injectGUIComponent(org.diylc.swing.plugins.toolbox.ComponentTabbedPane, 1)
00:46:22,312  INFO [main] Presenter - installPlugin(FileMenuPlugin)
00:46:22,315  INFO [main] MainFrame - injectMenuAction(New, File)
00:46:22,334  INFO [main] MainFrame - injectMenuAction(Open, File)
00:46:22,338  INFO [main] MainFrame - injectMenuAction(Import, File)
00:46:22,339  INFO [main] MainFrame - injectMenuAction(Save, File)
00:46:22,340  INFO [main] MainFrame - injectMenuAction(Save As, File)
00:46:22,340  INFO [main] MainFrame - injectMenuAction(Separator, File)
00:46:22,341  INFO [main] MainFrame - injectMenuAction(Export to PDF, File)
00:46:22,343  INFO [main] MainFrame - injectMenuAction(Export to PNG, File)
00:46:22,344  INFO [main] MainFrame - injectMenuAction(Print..., File)
00:46:22,344  INFO [main] MainFrame - injectSubmenu(Trace Mask, icon, File)
00:46:22,345  INFO [main] MainFrame - injectMenuAction(Export to PDF, Trace Mask)
00:46:22,345  INFO [main] MainFrame - injectMenuAction(Export to PNG, Trace Mask)
00:46:22,345  INFO [main] MainFrame - injectMenuAction(Print..., Trace Mask)
00:46:22,346  INFO [main] MainFrame - injectMenuAction(Create B.O.M., File)
00:46:22,346  INFO [main] MainFrame - injectMenuAction(Separator, File)
00:46:22,347  INFO [main] MainFrame - injectMenuAction(Exit, File)
00:46:22,352  INFO [main] Presenter - installPlugin(EditMenuPlugin)
00:46:22,352  INFO [main] MainFrame - injectMenuAction(Undo, Edit)
00:46:22,352  INFO [main] MainFrame - injectMenuAction(Redo, Edit)
00:46:22,353  INFO [main] MainFrame - injectMenuAction(Separator, Edit)
00:46:22,354  INFO [main] MainFrame - injectMenuAction(Cut, Edit)
00:46:22,355  INFO [main] MainFrame - injectMenuAction(Copy, Edit)
00:46:22,355  INFO [main] MainFrame - injectMenuAction(Paste, Edit)
00:46:22,356  INFO [main] MainFrame - injectMenuAction(Separator, Edit)
00:46:22,357  INFO [main] MainFrame - injectMenuAction(Select All, Edit)
00:46:22,358  INFO [main] MainFrame - injectMenuAction(Edit Selection, Edit)
00:46:22,359  INFO [main] MainFrame - injectMenuAction(Delete Selection, Edit)
00:46:22,360  INFO [main] MainFrame - injectMenuAction(Rotate Clockwise, Edit)
00:46:22,360  INFO [main] MainFrame - injectMenuAction(Rotate Counterclockwise, Edit)
00:46:22,361  INFO [main] MainFrame - injectMenuAction(Send Backward, Edit)
00:46:22,362  INFO [main] MainFrame - injectMenuAction(Bring Forward, Edit)
00:46:22,364  INFO [main] MainFrame - injectMenuAction(Group Selection, Edit)
00:46:22,365  INFO [main] MainFrame - injectMenuAction(Ungroup Selection, Edit)
00:46:22,365  INFO [main] MainFrame - injectMenuAction(Separator, Edit)
00:46:22,366  INFO [main] MainFrame - injectMenuAction(Save as Template, Edit)
00:46:22,367  INFO [main] MainFrame - injectSubmenu(Renumber Selection, icon, Edit)
00:46:22,367  INFO [main] MainFrame - injectMenuAction(X Axis First, Renumber Selection)
00:46:22,368  INFO [main] MainFrame - injectMenuAction(Y Axis First, Renumber Selection)
00:46:22,369  INFO [main] MainFrame - injectSubmenu(Expand Selection, icon, Edit)
00:46:22,370  INFO [main] MainFrame - injectMenuAction(All Connected, Expand Selection)
00:46:22,370  INFO [main] MainFrame - injectMenuAction(Immediate Only, Expand Selection)
00:46:22,370  INFO [main] MainFrame - injectMenuAction(Same Type Only, Expand Selection)
00:46:22,370  INFO [main] MainFrame - injectMenuAction(Separator, Edit)
00:46:22,371  INFO [main] MainFrame - injectMenuAction(Edit Project, Edit)
00:46:22,396  INFO [main] Presenter - installPlugin(ConfigPlugin)
00:46:22,397  INFO [main] MainFrame - injectMenuAction(Anti-Aliasing, Config)
00:46:22,399  INFO [main] MainFrame - injectMenuAction(Auto-Create Pads, Config)
00:46:22,399  INFO [main] MainFrame - injectMenuAction(Auto-Edit Mode, Config)
00:46:22,399  INFO [main] MainFrame - injectMenuAction(Continuous Creation, Config)
00:46:22,400  INFO [main] MainFrame - injectMenuAction(Export Grid, Config)
00:46:22,400  INFO [main] MainFrame - injectMenuAction(Hi-Quality Rendering, Config)
00:46:22,400  INFO [main] MainFrame - injectMenuAction(Mouse Wheel Zoom, Config)
00:46:22,400  INFO [main] MainFrame - injectMenuAction(Outline Mode, Config)
00:46:22,401  INFO [main] MainFrame - injectMenuAction(Snap to Grid, Config)
00:46:22,401  INFO [main] MainFrame - injectMenuAction(Sticky Points, Config)
00:46:22,402  INFO [main] MainFrame - injectSubmenu(Chassis, icon, Layers)
00:46:22,403  INFO [main] MainFrame - injectMenuAction(Lock, Chassis)
00:46:22,403  INFO [main] MainFrame - injectMenuAction(Select All, Chassis)
00:46:22,403  INFO [main] MainFrame - injectSubmenu(Board, icon, Layers)
00:46:22,404  INFO [main] MainFrame - injectMenuAction(Lock, Board)
00:46:22,404  INFO [main] MainFrame - injectMenuAction(Select All, Board)
00:46:22,404  INFO [main] MainFrame - injectSubmenu(Trace, icon, Layers)
00:46:22,405  INFO [main] MainFrame - injectMenuAction(Lock, Trace)
00:46:22,405  INFO [main] MainFrame - injectMenuAction(Select All, Trace)
00:46:22,405  INFO [main] MainFrame - injectSubmenu(Component, icon, Layers)
00:46:22,405  INFO [main] MainFrame - injectMenuAction(Lock, Component)
00:46:22,406  INFO [main] MainFrame - injectMenuAction(Select All, Component)
00:46:22,406  INFO [main] MainFrame - injectSubmenu(Text, icon, Layers)
00:46:22,406  INFO [main] MainFrame - injectMenuAction(Lock, Text)
00:46:22,407  INFO [main] MainFrame - injectMenuAction(Select All, Text)
00:46:22,407  INFO [main] Presenter - installPlugin(LayersMenuPlugin)
00:46:22,409  INFO [main] MainFrame - injectMenuAction(User Manual, Help)
00:46:22,410  INFO [main] MainFrame - injectMenuAction(FAQ, Help)
00:46:22,411  INFO [main] MainFrame - injectMenuAction(Component API, Help)
00:46:22,412  INFO [main] MainFrame - injectMenuAction(Plugin API, Help)
00:46:22,413  INFO [main] MainFrame - injectMenuAction(Submit a Bug, Help)
00:46:22,414  INFO [main] MainFrame - injectMenuAction(Separator, Help)
00:46:22,414  INFO [main] MainFrame - injectMenuAction(Donate, Help)
00:46:22,415  INFO [main] MainFrame - injectMenuAction(About, Help)
00:46:22,416  INFO [main] Presenter - installPlugin(HelpMenuPlugin)
00:46:22,418  INFO [main] MainFrame - injectGUIComponent(org.diylc.swing.plugins.statusbar.StatusBar, 3)
00:46:22,419  INFO [main] Presenter - installPlugin(StatusBar)
00:46:22,457  INFO [SwingWorker-pool-1-thread-1] UpdateChecker - Trying to download file: http://www.diy-fever.com/update.xml
00:46:22,459  INFO [main] Presenter - installPlugin(CanvasPlugin)
00:46:22,466  INFO [main] MainFrame - injectGUIComponent(org.diylc.swingframework.ruler.RulerScrollPane, 0)
00:46:22,506  INFO [main] Presenter - installPlugin(FramePlugin)
00:46:22,507  INFO [main] Presenter - installPlugin(AutoSavePlugin)
00:46:22,507  INFO [main] Presenter - createNewFile()
00:46:22,507  INFO [AWT-EventQueue-0] ConfigurationManager - Saving configuration
00:46:22,511  INFO [main] Presenter - loadProject(New Project, true)
00:46:22,656 DEBUG [main] TemplateDialog - Found 0 templates
00:46:22,683  INFO [main] DIYLCStarter - Injecting default properties.
00:46:23,298  INFO [SwingWorker-pool-1-thread-1] UpdateChecker - 0 updates found
00:46:31,083  INFO [AWT-EventQueue-0] Presenter - setNewComponentSlot(null)
00:46:32,233  INFO [AWT-EventQueue-0] Presenter - setNewComponentSlot(null)
00:46:33,908  INFO [AWT-EventQueue-0] Presenter - setNewComponentSlot(null)
00:46:34,983  INFO [AWT-EventQueue-0] Presenter - setNewComponentSlot(null)
00:46:35,671  INFO [AWT-EventQueue-0] Presenter - setNewComponentSlot(null)
00:46:36,730  INFO [AWT-EventQueue-0] Presenter - setNewComponentSlot(null)
00:46:37,381  INFO [AWT-EventQueue-0] Presenter - setNewComponentSlot(null)
00:46:38,891  INFO [AWT-EventQueue-0] Presenter - setNewComponentSlot(null)
00:46:40,060  INFO [AWT-EventQueue-0] Presenter - setNewComponentSlot(null)
00:46:41,113  INFO [AWT-EventQueue-0] Presenter - setNewComponentSlot(null)
