01:11:05,214 DEBUG [main] DIYLCStarter - Java version: 1.8.0_60-b27 by Oracle Corporation
01:11:05,214 DEBUG [main] DIYLCStarter - OS: Mac OS X 10.11.1
01:11:05,214  INFO [main] DIYLCStarter - Starting DIYLC with working directory /Users/neko/dev/projects/github/diy-layout-creator/diylc-swing
01:11:05,567  INFO [main] ConfigurationManager - Initializing configuration
01:11:05,670  INFO [main] Presenter - installPlugin(ToolBox)
01:11:05,678  INFO [main] Presenter - Loading component types.
01:11:06,554  INFO [main] MainFrame - injectGUIComponent(org.diylc.swing.plugins.toolbox.ComponentTabbedPane, 1)
01:11:06,608  INFO [main] Presenter - installPlugin(FileMenuPlugin)
01:11:27,458  INFO [main] MainFrame - injectMenuAction(New, File)
01:11:36,691  INFO [main] MainFrame - injectMenuAction(Open, File)
01:11:36,696  INFO [main] MainFrame - injectMenuAction(Import, File)
01:11:36,698  INFO [main] MainFrame - injectMenuAction(Save, File)
01:11:36,699  INFO [main] MainFrame - injectMenuAction(Save As, File)
01:11:36,700  INFO [main] MainFrame - injectMenuAction(Separator, File)
01:11:36,703  INFO [main] MainFrame - injectMenuAction(Export to PDF, File)
01:11:36,705  INFO [main] MainFrame - injectMenuAction(Export to PNG, File)
01:11:36,706  INFO [main] MainFrame - injectMenuAction(Print..., File)
01:11:36,707  INFO [main] MainFrame - injectSubmenu(Trace Mask, icon, File)
01:11:36,708  INFO [main] MainFrame - injectMenuAction(Export to PDF, Trace Mask)
01:11:36,708  INFO [main] MainFrame - injectMenuAction(Export to PNG, Trace Mask)
01:11:36,708  INFO [main] MainFrame - injectMenuAction(Print..., Trace Mask)
01:11:36,710  INFO [main] MainFrame - injectMenuAction(Create B.O.M., File)
01:11:36,710  INFO [main] MainFrame - injectMenuAction(Separator, File)
01:11:36,712  INFO [main] MainFrame - injectMenuAction(Exit, File)
01:11:36,719  INFO [main] Presenter - installPlugin(EditMenuPlugin)
01:11:36,719  INFO [main] MainFrame - injectMenuAction(Undo, Edit)
01:11:36,720  INFO [main] MainFrame - injectMenuAction(Redo, Edit)
01:11:36,720  INFO [main] MainFrame - injectMenuAction(Separator, Edit)
01:11:36,721  INFO [main] MainFrame - injectMenuAction(Cut, Edit)
01:11:36,723  INFO [main] MainFrame - injectMenuAction(Copy, Edit)
01:11:36,725  INFO [main] MainFrame - injectMenuAction(Paste, Edit)
01:11:36,725  INFO [main] MainFrame - injectMenuAction(Separator, Edit)
01:11:36,727  INFO [main] MainFrame - injectMenuAction(Select All, Edit)
01:11:36,728  INFO [main] MainFrame - injectMenuAction(Edit Selection, Edit)
01:11:36,729  INFO [main] MainFrame - injectMenuAction(Delete Selection, Edit)
01:11:36,731  INFO [main] MainFrame - injectMenuAction(Rotate Clockwise, Edit)
01:11:36,732  INFO [main] MainFrame - injectMenuAction(Rotate Counterclockwise, Edit)
01:11:36,734  INFO [main] MainFrame - injectMenuAction(Send Backward, Edit)
01:11:36,735  INFO [main] MainFrame - injectMenuAction(Bring Forward, Edit)
01:11:36,737  INFO [main] MainFrame - injectMenuAction(Group Selection, Edit)
01:11:36,738  INFO [main] MainFrame - injectMenuAction(Ungroup Selection, Edit)
01:11:36,739  INFO [main] MainFrame - injectMenuAction(Separator, Edit)
01:11:36,740  INFO [main] MainFrame - injectMenuAction(Save as Template, Edit)
01:11:36,741  INFO [main] MainFrame - injectSubmenu(Renumber Selection, icon, Edit)
01:11:36,741  INFO [main] MainFrame - injectMenuAction(X Axis First, Renumber Selection)
01:11:36,742  INFO [main] MainFrame - injectMenuAction(Y Axis First, Renumber Selection)
01:11:36,743  INFO [main] MainFrame - injectSubmenu(Expand Selection, icon, Edit)
01:11:36,744  INFO [main] MainFrame - injectMenuAction(All Connected, Expand Selection)
01:11:36,744  INFO [main] MainFrame - injectMenuAction(Immediate Only, Expand Selection)
01:11:36,744  INFO [main] MainFrame - injectMenuAction(Same Type Only, Expand Selection)
01:11:36,744  INFO [main] MainFrame - injectMenuAction(Separator, Edit)
01:11:36,746  INFO [main] MainFrame - injectMenuAction(Edit Project, Edit)
01:11:36,771  INFO [main] Presenter - installPlugin(ConfigPlugin)
01:11:36,771  INFO [main] MainFrame - injectMenuAction(Anti-Aliasing, Config)
01:11:36,773  INFO [main] MainFrame - injectMenuAction(Auto-Create Pads, Config)
01:11:36,773  INFO [main] MainFrame - injectMenuAction(Auto-Edit Mode, Config)
01:11:36,774  INFO [main] MainFrame - injectMenuAction(Continuous Creation, Config)
01:11:36,774  INFO [main] MainFrame - injectMenuAction(Export Grid, Config)
01:11:36,774  INFO [main] MainFrame - injectMenuAction(Hi-Quality Rendering, Config)
01:11:36,774  INFO [main] MainFrame - injectMenuAction(Mouse Wheel Zoom, Config)
01:11:36,775  INFO [main] MainFrame - injectMenuAction(Outline Mode, Config)
01:11:36,775  INFO [main] MainFrame - injectMenuAction(Snap to Grid, Config)
01:11:36,775  INFO [main] MainFrame - injectMenuAction(Sticky Points, Config)
01:11:36,777  INFO [main] MainFrame - injectSubmenu(Chassis, icon, Layers)
01:11:36,777  INFO [main] MainFrame - injectMenuAction(Lock, Chassis)
01:11:36,777  INFO [main] MainFrame - injectMenuAction(Select All, Chassis)
01:11:36,778  INFO [main] MainFrame - injectSubmenu(Board, icon, Layers)
01:11:36,778  INFO [main] MainFrame - injectMenuAction(Lock, Board)
01:11:36,778  INFO [main] MainFrame - injectMenuAction(Select All, Board)
01:11:36,779  INFO [main] MainFrame - injectSubmenu(Trace, icon, Layers)
01:11:36,779  INFO [main] MainFrame - injectMenuAction(Lock, Trace)
01:11:36,779  INFO [main] MainFrame - injectMenuAction(Select All, Trace)
01:11:36,779  INFO [main] MainFrame - injectSubmenu(Component, icon, Layers)
01:11:36,779  INFO [main] MainFrame - injectMenuAction(Lock, Component)
01:11:36,780  INFO [main] MainFrame - injectMenuAction(Select All, Component)
01:11:36,780  INFO [main] MainFrame - injectSubmenu(Text, icon, Layers)
01:11:36,781  INFO [main] MainFrame - injectMenuAction(Lock, Text)
01:11:36,781  INFO [main] MainFrame - injectMenuAction(Select All, Text)
01:11:36,781  INFO [main] Presenter - installPlugin(LayersMenuPlugin)
01:11:36,784  INFO [main] MainFrame - injectMenuAction(User Manual, Help)
01:11:36,785  INFO [main] MainFrame - injectMenuAction(FAQ, Help)
01:11:36,787  INFO [main] MainFrame - injectMenuAction(Component API, Help)
01:11:36,788  INFO [main] MainFrame - injectMenuAction(Plugin API, Help)
01:11:36,790  INFO [main] MainFrame - injectMenuAction(Submit a Bug, Help)
01:11:36,791  INFO [main] MainFrame - injectMenuAction(Separator, Help)
01:11:36,792  INFO [main] MainFrame - injectMenuAction(Donate, Help)
01:11:36,794  INFO [main] MainFrame - injectMenuAction(About, Help)
01:11:36,794  INFO [main] Presenter - installPlugin(HelpMenuPlugin)
01:11:36,796  INFO [main] MainFrame - injectGUIComponent(org.diylc.swing.plugins.statusbar.StatusBar, 3)
01:11:36,798  INFO [main] Presenter - installPlugin(StatusBar)
01:11:36,838  INFO [SwingWorker-pool-1-thread-1] UpdateChecker - Trying to download file: http://www.diy-fever.com/update.xml
01:11:36,840  INFO [main] Presenter - installPlugin(CanvasPlugin)
01:11:36,888  INFO [main] MainFrame - injectGUIComponent(org.diylc.swingframework.ruler.RulerScrollPane, 0)
01:11:36,895  INFO [main] Presenter - installPlugin(FramePlugin)
01:11:36,898  INFO [main] Presenter - installPlugin(AutoSavePlugin)
01:11:36,898  INFO [main] Presenter - createNewFile()
01:11:36,898  INFO [AWT-EventQueue-0] ConfigurationManager - Saving configuration
01:11:36,902  INFO [main] Presenter - loadProject(New Project, true)
01:11:37,046 DEBUG [main] TemplateDialog - Found 0 templates
01:11:37,084  INFO [main] DIYLCStarter - Injecting default properties.
01:11:37,123  INFO [SwingWorker-pool-1-thread-1] UpdateChecker - 0 updates found
