01:22:48,535 DEBUG [main] DIYLCStarter - Java version: 1.8.0_60-b27 by Oracle Corporation
01:22:48,535 DEBUG [main] DIYLCStarter - OS: Mac OS X 10.11.1
01:22:48,535  INFO [main] DIYLCStarter - Starting DIYLC with working directory /Users/neko/dev/projects/github/diy-layout-creator/diylc-swing
01:22:48,923  INFO [main] ConfigurationManager - Initializing configuration
01:22:49,041  INFO [main] Presenter - installPlugin(ToolBox)
01:22:49,051  INFO [main] Presenter - Loading component types.
01:23:11,658 DEBUG [main] ComponentProcessor - Loading "Capacitor (schematic symbol)"
01:23:11,662 DEBUG [main] ComponentProcessor - Loading "Jumper"
01:23:11,690 DEBUG [main] ComponentProcessor - Loading "Mini Relay"
01:23:11,700 DEBUG [main] ComponentProcessor - Loading "Line"
01:23:11,701 DEBUG [main] ComponentProcessor - Loading "Trimmer Potentiometer"
01:23:11,704 DEBUG [main] ComponentProcessor - Loading "Electrolytic Capacitor"
01:23:11,705 DEBUG [main] ComponentProcessor - Loading "Polygon"
01:23:11,706 DEBUG [main] ComponentProcessor - Loading "Ellipse"
01:23:11,706 DEBUG [main] ComponentProcessor - Loading "Resistor"
01:23:11,707 DEBUG [main] ComponentProcessor - Loading "Potentiometer (panel mount)"
01:23:11,709 DEBUG [main] ComponentProcessor - Loading "Copper Trace"
01:23:11,709 DEBUG [main] ComponentProcessor - Loading "Transistor (TO-1 package)"
01:23:11,710 DEBUG [main] ComponentProcessor - Loading "Ground Symbol"
01:23:11,710 DEBUG [main] ComponentProcessor - Loading "Pentode Symbol"
01:23:11,716 DEBUG [main] ComponentProcessor - Loading "Transistor (TO-92 package)"
01:23:11,718 DEBUG [main] ComponentProcessor - Loading "Diode (plastic)"
01:23:11,718 DEBUG [main] ComponentProcessor - Loading "Strat Single Coil Pickup"
01:23:11,718 DEBUG [main] ComponentProcessor - Loading "MOSFET Symbol"
01:23:11,719 DEBUG [main] ComponentProcessor - Loading "Film Capacitor (axial)"
01:23:11,719 DEBUG [main] ComponentProcessor - Loading "LED"
01:23:11,720 DEBUG [main] ComponentProcessor - Loading "Solder Pad"
01:23:11,720 DEBUG [main] ComponentProcessor - Loading "Ceramic Capacitor (radial)"
01:23:11,720 DEBUG [main] ComponentProcessor - Loading "Mini Toggle Switch"
01:23:11,721 DEBUG [main] ComponentProcessor - Loading "BJT Symbol"
01:23:11,722 DEBUG [main] ComponentProcessor - Loading "Ground Fill"
01:23:11,722 DEBUG [main] ComponentProcessor - Loading "DIP IC"
01:23:11,722 DEBUG [main] ComponentProcessor - Loading "Humbucker Pickup"
01:23:11,723 DEBUG [main] ComponentProcessor - Loading "Image"
01:23:11,724 DEBUG [main] ComponentProcessor - Loading "Cliff 1/4" Jack"
01:23:11,724 DEBUG [main] ComponentProcessor - Loading "Perf Board w/ Pads"
01:23:11,724 DEBUG [main] ComponentProcessor - Loading "Inductor (schematic symbol)"
01:23:11,725 DEBUG [main] ComponentProcessor - Loading "Tube Socket"
01:23:11,726 DEBUG [main] ComponentProcessor - Loading "Diode Symbol"
01:23:11,726 DEBUG [main] ComponentProcessor - Loading "Blank Board"
01:23:11,727 DEBUG [main] ComponentProcessor - Loading "Vero Board"
01:23:11,727 DEBUG [main] ComponentProcessor - Loading "Dot"
01:23:11,727 DEBUG [main] ComponentProcessor - Loading "Closed 1/4" Jack"
01:23:11,728 DEBUG [main] ComponentProcessor - Loading "Diode (schematic symbol)"
01:23:11,728 DEBUG [main] ComponentProcessor - Loading "9V Battery Snap"
01:23:11,729 DEBUG [main] ComponentProcessor - Loading "Lever Switch"
01:23:11,731 DEBUG [main] ComponentProcessor - Loading "Rectangle"
01:23:11,731 DEBUG [main] ComponentProcessor - Loading "TriPad Board"
01:23:11,732 DEBUG [main] ComponentProcessor - Loading "Eyelet Board"
01:23:11,733 DEBUG [main] ComponentProcessor - Loading "Trace Cut"
01:23:11,733 DEBUG [main] ComponentProcessor - Loading "Triode Symbol"
01:23:11,734 DEBUG [main] ComponentProcessor - Loading "Schottky diode (schematic symbol)"
01:23:11,734 DEBUG [main] ComponentProcessor - Loading "Curved Trace"
01:23:11,735 DEBUG [main] ComponentProcessor - Loading "Plastic DC Jack"
01:23:11,736 DEBUG [main] ComponentProcessor - Loading "Resistor (schematic symbol)"
01:23:11,737 DEBUG [main] ComponentProcessor - Loading "Transistor (TO-3 package)"
01:23:11,740 DEBUG [main] ComponentProcessor - Loading "JFET Symbol"
01:23:11,741 DEBUG [main] ComponentProcessor - Loading "Transistor (TO-220 package)"
01:23:11,741 DEBUG [main] ComponentProcessor - Loading "IC Symbol"
01:23:12,363 DEBUG [main] ComponentProcessor - Loading "Zener diode (schematic symbol)"
01:23:12,363 DEBUG [main] ComponentProcessor - Loading "Film Capacitor (radial)"
01:23:12,364 DEBUG [main] ComponentProcessor - Loading "Marshall Style Perf Board"
01:23:12,364 DEBUG [main] ComponentProcessor - Loading "SIP IC"
01:23:12,365 DEBUG [main] ComponentProcessor - Loading "Label"
01:23:12,365 DEBUG [main] ComponentProcessor - Loading "PCB Text"
01:23:12,366 DEBUG [main] ComponentProcessor - Loading "Electrolytic Capacitor (axial)"
01:23:12,366 DEBUG [main] ComponentProcessor - Loading "Hookup Wire"
01:23:12,367 DEBUG [main] ComponentProcessor - Loading "LED (schematic symbol)"
01:23:12,367 DEBUG [main] ComponentProcessor - Loading "Breadboard"
01:23:12,368 DEBUG [main] ComponentProcessor - Loading "Eyelet"
01:23:12,494  INFO [main] MainFrame - injectGUIComponent(org.diylc.swing.plugins.toolbox.ComponentTabbedPane, 1)
01:23:12,550  INFO [main] Presenter - installPlugin(FileMenuPlugin)
01:23:12,560  INFO [main] MainFrame - injectMenuAction(New, File)
01:23:12,576  INFO [main] MainFrame - injectMenuAction(Open, File)
01:23:12,581  INFO [main] MainFrame - injectMenuAction(Import, File)
01:23:12,583  INFO [main] MainFrame - injectMenuAction(Save, File)
01:23:12,584  INFO [main] MainFrame - injectMenuAction(Save As, File)
01:23:12,584  INFO [main] MainFrame - injectMenuAction(Separator, File)
01:23:12,587  INFO [main] MainFrame - injectMenuAction(Export to PDF, File)
01:23:12,589  INFO [main] MainFrame - injectMenuAction(Export to PNG, File)
01:23:12,590  INFO [main] MainFrame - injectMenuAction(Print..., File)
01:23:12,591  INFO [main] MainFrame - injectSubmenu(Trace Mask, icon, File)
01:23:12,592  INFO [main] MainFrame - injectMenuAction(Export to PDF, Trace Mask)
01:23:12,592  INFO [main] MainFrame - injectMenuAction(Export to PNG, Trace Mask)
01:23:12,592  INFO [main] MainFrame - injectMenuAction(Print..., Trace Mask)
01:23:12,594  INFO [main] MainFrame - injectMenuAction(Create B.O.M., File)
01:23:12,594  INFO [main] MainFrame - injectMenuAction(Separator, File)
01:23:12,595  INFO [main] MainFrame - injectMenuAction(Exit, File)
01:23:12,602  INFO [main] Presenter - installPlugin(EditMenuPlugin)
01:23:12,602  INFO [main] MainFrame - injectMenuAction(Undo, Edit)
01:23:12,602  INFO [main] MainFrame - injectMenuAction(Redo, Edit)
01:23:12,603  INFO [main] MainFrame - injectMenuAction(Separator, Edit)
01:23:12,604  INFO [main] MainFrame - injectMenuAction(Cut, Edit)
01:23:12,605  INFO [main] MainFrame - injectMenuAction(Copy, Edit)
01:23:12,606  INFO [main] MainFrame - injectMenuAction(Paste, Edit)
01:23:12,607  INFO [main] MainFrame - injectMenuAction(Separator, Edit)
01:23:12,608  INFO [main] MainFrame - injectMenuAction(Select All, Edit)
01:23:12,609  INFO [main] MainFrame - injectMenuAction(Edit Selection, Edit)
01:23:12,611  INFO [main] MainFrame - injectMenuAction(Delete Selection, Edit)
01:23:12,612  INFO [main] MainFrame - injectMenuAction(Rotate Clockwise, Edit)
01:23:12,613  INFO [main] MainFrame - injectMenuAction(Rotate Counterclockwise, Edit)
01:23:12,614  INFO [main] MainFrame - injectMenuAction(Send Backward, Edit)
01:23:12,615  INFO [main] MainFrame - injectMenuAction(Bring Forward, Edit)
01:23:12,616  INFO [main] MainFrame - injectMenuAction(Group Selection, Edit)
01:23:12,618  INFO [main] MainFrame - injectMenuAction(Ungroup Selection, Edit)
01:23:12,618  INFO [main] MainFrame - injectMenuAction(Separator, Edit)
01:23:12,619  INFO [main] MainFrame - injectMenuAction(Save as Template, Edit)
01:23:12,620  INFO [main] MainFrame - injectSubmenu(Renumber Selection, icon, Edit)
01:23:12,620  INFO [main] MainFrame - injectMenuAction(X Axis First, Renumber Selection)
01:23:12,620  INFO [main] MainFrame - injectMenuAction(Y Axis First, Renumber Selection)
01:23:12,621  INFO [main] MainFrame - injectSubmenu(Expand Selection, icon, Edit)
01:23:12,623  INFO [main] MainFrame - injectMenuAction(All Connected, Expand Selection)
01:23:12,623  INFO [main] MainFrame - injectMenuAction(Immediate Only, Expand Selection)
01:23:12,624  INFO [main] MainFrame - injectMenuAction(Same Type Only, Expand Selection)
01:23:12,624  INFO [main] MainFrame - injectMenuAction(Separator, Edit)
01:23:12,625  INFO [main] MainFrame - injectMenuAction(Edit Project, Edit)
01:23:12,649  INFO [main] Presenter - installPlugin(ConfigPlugin)
01:23:12,649  INFO [main] MainFrame - injectMenuAction(Anti-Aliasing, Config)
01:23:12,651  INFO [main] MainFrame - injectMenuAction(Auto-Create Pads, Config)
01:23:12,651  INFO [main] MainFrame - injectMenuAction(Auto-Edit Mode, Config)
01:23:12,652  INFO [main] MainFrame - injectMenuAction(Continuous Creation, Config)
01:23:12,652  INFO [main] MainFrame - injectMenuAction(Export Grid, Config)
01:23:12,652  INFO [main] MainFrame - injectMenuAction(Hi-Quality Rendering, Config)
01:23:12,653  INFO [main] MainFrame - injectMenuAction(Mouse Wheel Zoom, Config)
01:23:12,653  INFO [main] MainFrame - injectMenuAction(Outline Mode, Config)
01:23:12,653  INFO [main] MainFrame - injectMenuAction(Snap to Grid, Config)
01:23:12,653  INFO [main] MainFrame - injectMenuAction(Sticky Points, Config)
01:23:12,655  INFO [main] MainFrame - injectSubmenu(Chassis, icon, Layers)
01:23:12,656  INFO [main] MainFrame - injectMenuAction(Lock, Chassis)
01:23:12,656  INFO [main] MainFrame - injectMenuAction(Select All, Chassis)
01:23:12,657  INFO [main] MainFrame - injectSubmenu(Board, icon, Layers)
01:23:12,657  INFO [main] MainFrame - injectMenuAction(Lock, Board)
01:23:12,657  INFO [main] MainFrame - injectMenuAction(Select All, Board)
01:23:12,657  INFO [main] MainFrame - injectSubmenu(Trace, icon, Layers)
01:23:12,658  INFO [main] MainFrame - injectMenuAction(Lock, Trace)
01:23:12,658  INFO [main] MainFrame - injectMenuAction(Select All, Trace)
01:23:12,658  INFO [main] MainFrame - injectSubmenu(Component, icon, Layers)
01:23:12,659  INFO [main] MainFrame - injectMenuAction(Lock, Component)
01:23:12,659  INFO [main] MainFrame - injectMenuAction(Select All, Component)
01:23:12,659  INFO [main] MainFrame - injectSubmenu(Text, icon, Layers)
01:23:12,659  INFO [main] MainFrame - injectMenuAction(Lock, Text)
01:23:12,660  INFO [main] MainFrame - injectMenuAction(Select All, Text)
01:23:12,660  INFO [main] Presenter - installPlugin(LayersMenuPlugin)
01:23:12,662  INFO [main] MainFrame - injectMenuAction(User Manual, Help)
01:23:12,663  INFO [main] MainFrame - injectMenuAction(FAQ, Help)
01:23:12,665  INFO [main] MainFrame - injectMenuAction(Component API, Help)
01:23:12,666  INFO [main] MainFrame - injectMenuAction(Plugin API, Help)
01:23:12,667  INFO [main] MainFrame - injectMenuAction(Submit a Bug, Help)
01:23:12,668  INFO [main] MainFrame - injectMenuAction(Separator, Help)
01:23:12,669  INFO [main] MainFrame - injectMenuAction(Donate, Help)
01:23:12,670  INFO [main] MainFrame - injectMenuAction(About, Help)
01:23:12,670  INFO [main] Presenter - installPlugin(HelpMenuPlugin)
01:23:12,673  INFO [main] MainFrame - injectGUIComponent(org.diylc.swing.plugins.statusbar.StatusBar, 3)
01:23:12,674  INFO [main] Presenter - installPlugin(StatusBar)
01:23:12,714  INFO [SwingWorker-pool-1-thread-1] UpdateChecker - Trying to download file: http://www.diy-fever.com/update.xml
01:23:12,717  INFO [main] Presenter - installPlugin(CanvasPlugin)
01:23:12,768  INFO [main] MainFrame - injectGUIComponent(org.diylc.swingframework.ruler.RulerScrollPane, 0)
01:23:12,776  INFO [main] Presenter - installPlugin(FramePlugin)
01:23:12,779  INFO [main] Presenter - installPlugin(AutoSavePlugin)
01:23:12,780  INFO [main] Presenter - createNewFile()
01:23:12,780  INFO [AWT-EventQueue-0] ConfigurationManager - Saving configuration
01:23:12,784  INFO [main] Presenter - loadProject(New Project, true)
01:23:12,933 DEBUG [main] TemplateDialog - Found 0 templates
01:23:12,966  INFO [main] DIYLCStarter - Injecting default properties.
01:23:13,014  INFO [SwingWorker-pool-1-thread-1] UpdateChecker - 0 updates found
