01:24:18,804 DEBUG [main] DIYLCStarter - Java version: 1.8.0_60-b27 by Oracle Corporation
01:24:18,805 DEBUG [main] DIYLCStarter - OS: Mac OS X 10.11.1
01:24:18,805  INFO [main] DIYLCStarter - Starting DIYLC with working directory /Users/neko/dev/projects/github/diy-layout-creator/diylc-swing
01:24:19,196  INFO [main] ConfigurationManager - Initializing configuration
01:24:19,314  INFO [main] Presenter - installPlugin(ToolBox)
01:24:19,325  INFO [main] Presenter - Loading component types.
01:24:24,732 DEBUG [main] ComponentProcessor - Loading "Capacitor (schematic symbol)"
01:24:24,738 DEBUG [main] ComponentProcessor - Loading "Jumper"
01:24:24,764 DEBUG [main] ComponentProcessor - Loading "Mini Relay"
01:24:24,774 DEBUG [main] ComponentProcessor - Loading "Line"
01:24:24,775 DEBUG [main] ComponentProcessor - Loading "Trimmer Potentiometer"
01:24:24,778 DEBUG [main] ComponentProcessor - Loading "Electrolytic Capacitor"
01:24:24,780 DEBUG [main] ComponentProcessor - Loading "Polygon"
01:24:24,781 DEBUG [main] ComponentProcessor - Loading "Ellipse"
01:24:24,782 DEBUG [main] ComponentProcessor - Loading "Resistor"
01:24:24,783 DEBUG [main] ComponentProcessor - Loading "Potentiometer (panel mount)"
01:24:24,783 DEBUG [main] ComponentProcessor - Loading "Copper Trace"
01:24:24,784 DEBUG [main] ComponentProcessor - Loading "Transistor (TO-1 package)"
01:24:24,784 DEBUG [main] ComponentProcessor - Loading "Ground Symbol"
01:24:24,785 DEBUG [main] ComponentProcessor - Loading "Pentode Symbol"
01:24:24,791 DEBUG [main] ComponentProcessor - Loading "Transistor (TO-92 package)"
01:24:24,793 DEBUG [main] ComponentProcessor - Loading "Diode (plastic)"
01:24:24,793 DEBUG [main] ComponentProcessor - Loading "Strat Single Coil Pickup"
01:24:24,793 DEBUG [main] ComponentProcessor - Loading "MOSFET Symbol"
01:24:24,794 DEBUG [main] ComponentProcessor - Loading "Film Capacitor (axial)"
01:24:24,794 DEBUG [main] ComponentProcessor - Loading "LED"
01:24:24,795 DEBUG [main] ComponentProcessor - Loading "Solder Pad"
01:24:24,795 DEBUG [main] ComponentProcessor - Loading "Ceramic Capacitor (radial)"
01:24:24,796 DEBUG [main] ComponentProcessor - Loading "Mini Toggle Switch"
01:24:24,797 DEBUG [main] ComponentProcessor - Loading "BJT Symbol"
01:24:24,797 DEBUG [main] ComponentProcessor - Loading "Ground Fill"
01:24:24,797 DEBUG [main] ComponentProcessor - Loading "DIP IC"
01:24:24,798 DEBUG [main] ComponentProcessor - Loading "Humbucker Pickup"
01:24:24,798 DEBUG [main] ComponentProcessor - Loading "Image"
01:24:24,799 DEBUG [main] ComponentProcessor - Loading "Cliff 1/4" Jack"
01:24:24,800 DEBUG [main] ComponentProcessor - Loading "Perf Board w/ Pads"
01:24:24,800 DEBUG [main] ComponentProcessor - Loading "Inductor (schematic symbol)"
01:24:24,800 DEBUG [main] ComponentProcessor - Loading "Tube Socket"
01:24:24,802 DEBUG [main] ComponentProcessor - Loading "Diode Symbol"
01:24:24,802 DEBUG [main] ComponentProcessor - Loading "Blank Board"
01:24:24,802 DEBUG [main] ComponentProcessor - Loading "Vero Board"
01:24:24,803 DEBUG [main] ComponentProcessor - Loading "Dot"
01:24:24,803 DEBUG [main] ComponentProcessor - Loading "Closed 1/4" Jack"
01:24:24,803 DEBUG [main] ComponentProcessor - Loading "Diode (schematic symbol)"
01:24:24,804 DEBUG [main] ComponentProcessor - Loading "9V Battery Snap"
01:24:24,804 DEBUG [main] ComponentProcessor - Loading "Lever Switch"
01:24:24,806 DEBUG [main] ComponentProcessor - Loading "Rectangle"
01:24:24,806 DEBUG [main] ComponentProcessor - Loading "TriPad Board"
01:24:24,807 DEBUG [main] ComponentProcessor - Loading "Eyelet Board"
01:24:24,808 DEBUG [main] ComponentProcessor - Loading "Trace Cut"
01:24:24,808 DEBUG [main] ComponentProcessor - Loading "Triode Symbol"
01:24:24,809 DEBUG [main] ComponentProcessor - Loading "Schottky diode (schematic symbol)"
01:24:24,809 DEBUG [main] ComponentProcessor - Loading "Curved Trace"
01:24:24,809 DEBUG [main] ComponentProcessor - Loading "Plastic DC Jack"
01:24:24,810 DEBUG [main] ComponentProcessor - Loading "Resistor (schematic symbol)"
01:24:24,811 DEBUG [main] ComponentProcessor - Loading "Transistor (TO-3 package)"
01:24:24,815 DEBUG [main] ComponentProcessor - Loading "JFET Symbol"
01:24:24,815 DEBUG [main] ComponentProcessor - Loading "Transistor (TO-220 package)"
01:24:24,816 DEBUG [main] ComponentProcessor - Loading "IC Symbol"
01:24:25,437 DEBUG [main] ComponentProcessor - Loading "Zener diode (schematic symbol)"
01:24:25,438 DEBUG [main] ComponentProcessor - Loading "Film Capacitor (radial)"
01:24:25,438 DEBUG [main] ComponentProcessor - Loading "Marshall Style Perf Board"
01:24:25,438 DEBUG [main] ComponentProcessor - Loading "SIP IC"
01:24:25,439 DEBUG [main] ComponentProcessor - Loading "Label"
01:24:25,440 DEBUG [main] ComponentProcessor - Loading "PCB Text"
01:24:25,440 DEBUG [main] ComponentProcessor - Loading "Electrolytic Capacitor (axial)"
01:24:25,440 DEBUG [main] ComponentProcessor - Loading "Hookup Wire"
01:24:25,441 DEBUG [main] ComponentProcessor - Loading "LED (schematic symbol)"
01:24:25,441 DEBUG [main] ComponentProcessor - Loading "Breadboard"
01:24:25,442 DEBUG [main] ComponentProcessor - Loading "Eyelet"
01:24:25,564  INFO [main] MainFrame - injectGUIComponent(org.diylc.swing.plugins.toolbox.ComponentTabbedPane, 1)
01:24:25,622  INFO [main] Presenter - installPlugin(FileMenuPlugin)
01:24:25,628  INFO [main] MainFrame - injectMenuAction(New, File)
01:24:25,645  INFO [main] MainFrame - injectMenuAction(Open, File)
01:24:25,650  INFO [main] MainFrame - injectMenuAction(Import, File)
01:24:25,652  INFO [main] MainFrame - injectMenuAction(Save, File)
01:24:25,652  INFO [main] MainFrame - injectMenuAction(Save As, File)
01:24:25,653  INFO [main] MainFrame - injectMenuAction(Separator, File)
01:24:25,655  INFO [main] MainFrame - injectMenuAction(Export to PDF, File)
01:24:25,656  INFO [main] MainFrame - injectMenuAction(Export to PNG, File)
01:24:25,658  INFO [main] MainFrame - injectMenuAction(Print..., File)
01:24:25,659  INFO [main] MainFrame - injectSubmenu(Trace Mask, icon, File)
01:24:25,659  INFO [main] MainFrame - injectMenuAction(Export to PDF, Trace Mask)
01:24:25,659  INFO [main] MainFrame - injectMenuAction(Export to PNG, Trace Mask)
01:24:25,660  INFO [main] MainFrame - injectMenuAction(Print..., Trace Mask)
01:24:25,661  INFO [main] MainFrame - injectMenuAction(Create B.O.M., File)
01:24:25,661  INFO [main] MainFrame - injectMenuAction(Separator, File)
01:24:25,662  INFO [main] MainFrame - injectMenuAction(Exit, File)
01:24:25,667  INFO [main] Presenter - installPlugin(EditMenuPlugin)
01:24:25,667  INFO [main] MainFrame - injectMenuAction(Undo, Edit)
01:24:25,668  INFO [main] MainFrame - injectMenuAction(Redo, Edit)
01:24:25,668  INFO [main] MainFrame - injectMenuAction(Separator, Edit)
01:24:25,669  INFO [main] MainFrame - injectMenuAction(Cut, Edit)
01:24:25,671  INFO [main] MainFrame - injectMenuAction(Copy, Edit)
01:24:25,672  INFO [main] MainFrame - injectMenuAction(Paste, Edit)
01:24:25,672  INFO [main] MainFrame - injectMenuAction(Separator, Edit)
01:24:25,674  INFO [main] MainFrame - injectMenuAction(Select All, Edit)
01:24:25,675  INFO [main] MainFrame - injectMenuAction(Edit Selection, Edit)
01:24:25,676  INFO [main] MainFrame - injectMenuAction(Delete Selection, Edit)
01:24:25,677  INFO [main] MainFrame - injectMenuAction(Rotate Clockwise, Edit)
01:24:25,678  INFO [main] MainFrame - injectMenuAction(Rotate Counterclockwise, Edit)
01:24:25,679  INFO [main] MainFrame - injectMenuAction(Send Backward, Edit)
01:24:25,680  INFO [main] MainFrame - injectMenuAction(Bring Forward, Edit)
01:24:25,681  INFO [main] MainFrame - injectMenuAction(Group Selection, Edit)
01:24:25,682  INFO [main] MainFrame - injectMenuAction(Ungroup Selection, Edit)
01:24:25,682  INFO [main] MainFrame - injectMenuAction(Separator, Edit)
01:24:25,684  INFO [main] MainFrame - injectMenuAction(Save as Template, Edit)
01:24:25,686  INFO [main] MainFrame - injectSubmenu(Renumber Selection, icon, Edit)
01:24:25,686  INFO [main] MainFrame - injectMenuAction(X Axis First, Renumber Selection)
01:24:25,687  INFO [main] MainFrame - injectMenuAction(Y Axis First, Renumber Selection)
01:24:25,688  INFO [main] MainFrame - injectSubmenu(Expand Selection, icon, Edit)
01:24:25,689  INFO [main] MainFrame - injectMenuAction(All Connected, Expand Selection)
01:24:25,690  INFO [main] MainFrame - injectMenuAction(Immediate Only, Expand Selection)
01:24:25,690  INFO [main] MainFrame - injectMenuAction(Same Type Only, Expand Selection)
01:24:25,691  INFO [main] MainFrame - injectMenuAction(Separator, Edit)
01:24:25,692  INFO [main] MainFrame - injectMenuAction(Edit Project, Edit)
01:24:25,714  INFO [main] Presenter - installPlugin(ConfigPlugin)
01:24:25,714  INFO [main] MainFrame - injectMenuAction(Anti-Aliasing, Config)
01:24:25,715  INFO [main] MainFrame - injectMenuAction(Auto-Create Pads, Config)
01:24:25,716  INFO [main] MainFrame - injectMenuAction(Auto-Edit Mode, Config)
01:24:25,716  INFO [main] MainFrame - injectMenuAction(Continuous Creation, Config)
01:24:25,716  INFO [main] MainFrame - injectMenuAction(Export Grid, Config)
01:24:25,716  INFO [main] MainFrame - injectMenuAction(Hi-Quality Rendering, Config)
01:24:25,716  INFO [main] MainFrame - injectMenuAction(Mouse Wheel Zoom, Config)
01:24:25,717  INFO [main] MainFrame - injectMenuAction(Outline Mode, Config)
01:24:25,717  INFO [main] MainFrame - injectMenuAction(Snap to Grid, Config)
01:24:25,717  INFO [main] MainFrame - injectMenuAction(Sticky Points, Config)
01:24:25,718  INFO [main] MainFrame - injectSubmenu(Chassis, icon, Layers)
01:24:25,719  INFO [main] MainFrame - injectMenuAction(Lock, Chassis)
01:24:25,719  INFO [main] MainFrame - injectMenuAction(Select All, Chassis)
01:24:25,719  INFO [main] MainFrame - injectSubmenu(Board, icon, Layers)
01:24:25,719  INFO [main] MainFrame - injectMenuAction(Lock, Board)
01:24:25,720  INFO [main] MainFrame - injectMenuAction(Select All, Board)
01:24:25,720  INFO [main] MainFrame - injectSubmenu(Trace, icon, Layers)
01:24:25,720  INFO [main] MainFrame - injectMenuAction(Lock, Trace)
01:24:25,720  INFO [main] MainFrame - injectMenuAction(Select All, Trace)
01:24:25,720  INFO [main] MainFrame - injectSubmenu(Component, icon, Layers)
01:24:25,720  INFO [main] MainFrame - injectMenuAction(Lock, Component)
01:24:25,721  INFO [main] MainFrame - injectMenuAction(Select All, Component)
01:24:25,721  INFO [main] MainFrame - injectSubmenu(Text, icon, Layers)
01:24:25,721  INFO [main] MainFrame - injectMenuAction(Lock, Text)
01:24:25,721  INFO [main] MainFrame - injectMenuAction(Select All, Text)
01:24:25,721  INFO [main] Presenter - installPlugin(LayersMenuPlugin)
01:24:25,723  INFO [main] MainFrame - injectMenuAction(User Manual, Help)
01:24:25,724  INFO [main] MainFrame - injectMenuAction(FAQ, Help)
01:24:25,725  INFO [main] MainFrame - injectMenuAction(Component API, Help)
01:24:25,726  INFO [main] MainFrame - injectMenuAction(Plugin API, Help)
01:24:25,727  INFO [main] MainFrame - injectMenuAction(Submit a Bug, Help)
01:24:25,728  INFO [main] MainFrame - injectMenuAction(Separator, Help)
01:24:25,729  INFO [main] MainFrame - injectMenuAction(Donate, Help)
01:24:25,731  INFO [main] MainFrame - injectMenuAction(About, Help)
01:24:25,731  INFO [main] Presenter - installPlugin(HelpMenuPlugin)
01:24:25,734  INFO [main] MainFrame - injectGUIComponent(org.diylc.swing.plugins.statusbar.StatusBar, 3)
01:24:25,736  INFO [main] Presenter - installPlugin(StatusBar)
01:24:25,775  INFO [SwingWorker-pool-1-thread-1] UpdateChecker - Trying to download file: http://www.diy-fever.com/update.xml
01:24:25,777  INFO [main] Presenter - installPlugin(CanvasPlugin)
01:24:25,828  INFO [main] MainFrame - injectGUIComponent(org.diylc.swingframework.ruler.RulerScrollPane, 0)
01:24:25,836  INFO [main] Presenter - installPlugin(FramePlugin)
01:24:25,839  INFO [main] Presenter - installPlugin(AutoSavePlugin)
01:24:25,839  INFO [main] Presenter - createNewFile()
01:24:25,839  INFO [AWT-EventQueue-0] ConfigurationManager - Saving configuration
01:24:25,844  INFO [main] Presenter - loadProject(New Project, true)
01:24:25,976 DEBUG [main] TemplateDialog - Found 0 templates
01:24:26,005  INFO [main] DIYLCStarter - Injecting default properties.
01:24:26,048  INFO [SwingWorker-pool-1-thread-1] UpdateChecker - 0 updates found
