01:04:26,988 DEBUG [main] DIYLCStarter - Java version: 1.8.0_60-b27 by Oracle Corporation
01:04:26,988 DEBUG [main] DIYLCStarter - OS: Mac OS X 10.11.1
01:04:26,988  INFO [main] DIYLCStarter - Starting DIYLC with working directory /Users/neko/dev/projects/github/diy-layout-creator/diylc-swing
01:04:27,431  INFO [main] ConfigurationManager - Initializing configuration
01:04:27,565  INFO [main] Presenter - installPlugin(ToolBox)
01:04:27,575  INFO [main] Presenter - Loading component types.
01:04:28,673  INFO [main] MainFrame - injectGUIComponent(org.diylc.swing.plugins.toolbox.ComponentTabbedPane, 1)
01:04:28,744  INFO [main] Presenter - installPlugin(FileMenuPlugin)
01:04:28,747  INFO [main] MainFrame - injectMenuAction(New, File)
01:04:28,767  INFO [main] MainFrame - injectMenuAction(Open, File)
01:04:28,771  INFO [main] MainFrame - injectMenuAction(Import, File)
01:04:28,772  INFO [main] MainFrame - injectMenuAction(Save, File)
01:04:28,773  INFO [main] MainFrame - injectMenuAction(Save As, File)
01:04:28,773  INFO [main] MainFrame - injectMenuAction(Separator, File)
01:04:28,775  INFO [main] MainFrame - injectMenuAction(Export to PDF, File)
01:04:28,777  INFO [main] MainFrame - injectMenuAction(Export to PNG, File)
01:04:28,778  INFO [main] MainFrame - injectMenuAction(Print..., File)
01:04:28,779  INFO [main] MainFrame - injectSubmenu(Trace Mask, icon, File)
01:04:28,779  INFO [main] MainFrame - injectMenuAction(Export to PDF, Trace Mask)
01:04:28,780  INFO [main] MainFrame - injectMenuAction(Export to PNG, Trace Mask)
01:04:28,780  INFO [main] MainFrame - injectMenuAction(Print..., Trace Mask)
01:04:28,781  INFO [main] MainFrame - injectMenuAction(Create B.O.M., File)
01:04:28,781  INFO [main] MainFrame - injectMenuAction(Separator, File)
01:04:28,783  INFO [main] MainFrame - injectMenuAction(Exit, File)
01:04:28,789  INFO [main] Presenter - installPlugin(EditMenuPlugin)
01:04:28,789  INFO [main] MainFrame - injectMenuAction(Undo, Edit)
01:04:28,790  INFO [main] MainFrame - injectMenuAction(Redo, Edit)
01:04:28,790  INFO [main] MainFrame - injectMenuAction(Separator, Edit)
01:04:28,791  INFO [main] MainFrame - injectMenuAction(Cut, Edit)
01:04:28,793  INFO [main] MainFrame - injectMenuAction(Copy, Edit)
01:04:28,794  INFO [main] MainFrame - injectMenuAction(Paste, Edit)
01:04:28,794  INFO [main] MainFrame - injectMenuAction(Separator, Edit)
01:04:28,795  INFO [main] MainFrame - injectMenuAction(Select All, Edit)
01:04:28,796  INFO [main] MainFrame - injectMenuAction(Edit Selection, Edit)
01:04:28,798  INFO [main] MainFrame - injectMenuAction(Delete Selection, Edit)
01:04:28,799  INFO [main] MainFrame - injectMenuAction(Rotate Clockwise, Edit)
01:04:28,800  INFO [main] MainFrame - injectMenuAction(Rotate Counterclockwise, Edit)
01:04:28,801  INFO [main] MainFrame - injectMenuAction(Send Backward, Edit)
01:04:28,802  INFO [main] MainFrame - injectMenuAction(Bring Forward, Edit)
01:04:28,804  INFO [main] MainFrame - injectMenuAction(Group Selection, Edit)
01:04:28,805  INFO [main] MainFrame - injectMenuAction(Ungroup Selection, Edit)
01:04:28,805  INFO [main] MainFrame - injectMenuAction(Separator, Edit)
01:04:28,806  INFO [main] MainFrame - injectMenuAction(Save as Template, Edit)
01:04:28,807  INFO [main] MainFrame - injectSubmenu(Renumber Selection, icon, Edit)
01:04:28,808  INFO [main] MainFrame - injectMenuAction(X Axis First, Renumber Selection)
01:04:28,808  INFO [main] MainFrame - injectMenuAction(Y Axis First, Renumber Selection)
01:04:28,809  INFO [main] MainFrame - injectSubmenu(Expand Selection, icon, Edit)
01:04:28,810  INFO [main] MainFrame - injectMenuAction(All Connected, Expand Selection)
01:04:28,811  INFO [main] MainFrame - injectMenuAction(Immediate Only, Expand Selection)
01:04:28,811  INFO [main] MainFrame - injectMenuAction(Same Type Only, Expand Selection)
01:04:28,811  INFO [main] MainFrame - injectMenuAction(Separator, Edit)
01:04:28,813  INFO [main] MainFrame - injectMenuAction(Edit Project, Edit)
01:04:28,838  INFO [main] Presenter - installPlugin(ConfigPlugin)
01:04:28,839  INFO [main] MainFrame - injectMenuAction(Anti-Aliasing, Config)
01:04:28,841  INFO [main] MainFrame - injectMenuAction(Auto-Create Pads, Config)
01:04:28,841  INFO [main] MainFrame - injectMenuAction(Auto-Edit Mode, Config)
01:04:28,842  INFO [main] MainFrame - injectMenuAction(Continuous Creation, Config)
01:04:28,842  INFO [main] MainFrame - injectMenuAction(Export Grid, Config)
01:04:28,842  INFO [main] MainFrame - injectMenuAction(Hi-Quality Rendering, Config)
01:04:28,842  INFO [main] MainFrame - injectMenuAction(Mouse Wheel Zoom, Config)
01:04:28,843  INFO [main] MainFrame - injectMenuAction(Outline Mode, Config)
01:04:28,843  INFO [main] MainFrame - injectMenuAction(Snap to Grid, Config)
01:04:28,843  INFO [main] MainFrame - injectMenuAction(Sticky Points, Config)
01:04:28,845  INFO [main] MainFrame - injectSubmenu(Chassis, icon, Layers)
01:04:28,845  INFO [main] MainFrame - injectMenuAction(Lock, Chassis)
01:04:28,845  INFO [main] MainFrame - injectMenuAction(Select All, Chassis)
01:04:28,846  INFO [main] MainFrame - injectSubmenu(Board, icon, Layers)
01:04:28,846  INFO [main] MainFrame - injectMenuAction(Lock, Board)
01:04:28,846  INFO [main] MainFrame - injectMenuAction(Select All, Board)
01:04:28,846  INFO [main] MainFrame - injectSubmenu(Trace, icon, Layers)
01:04:28,847  INFO [main] MainFrame - injectMenuAction(Lock, Trace)
01:04:28,847  INFO [main] MainFrame - injectMenuAction(Select All, Trace)
01:04:28,847  INFO [main] MainFrame - injectSubmenu(Component, icon, Layers)
01:04:28,848  INFO [main] MainFrame - injectMenuAction(Lock, Component)
01:04:28,848  INFO [main] MainFrame - injectMenuAction(Select All, Component)
01:04:28,848  INFO [main] MainFrame - injectSubmenu(Text, icon, Layers)
01:04:28,848  INFO [main] MainFrame - injectMenuAction(Lock, Text)
01:04:28,849  INFO [main] MainFrame - injectMenuAction(Select All, Text)
01:04:28,849  INFO [main] Presenter - installPlugin(LayersMenuPlugin)
01:04:28,851  INFO [main] MainFrame - injectMenuAction(User Manual, Help)
01:04:28,852  INFO [main] MainFrame - injectMenuAction(FAQ, Help)
01:04:28,853  INFO [main] MainFrame - injectMenuAction(Component API, Help)
01:04:28,854  INFO [main] MainFrame - injectMenuAction(Plugin API, Help)
01:04:28,855  INFO [main] MainFrame - injectMenuAction(Submit a Bug, Help)
01:04:28,856  INFO [main] MainFrame - injectMenuAction(Separator, Help)
01:04:28,857  INFO [main] MainFrame - injectMenuAction(Donate, Help)
01:04:28,858  INFO [main] MainFrame - injectMenuAction(About, Help)
01:04:28,858  INFO [main] Presenter - installPlugin(HelpMenuPlugin)
01:04:28,861  INFO [main] MainFrame - injectGUIComponent(org.diylc.swing.plugins.statusbar.StatusBar, 3)
01:04:28,863  INFO [main] Presenter - installPlugin(StatusBar)
01:04:28,902  INFO [SwingWorker-pool-1-thread-1] UpdateChecker - Trying to download file: http://www.diy-fever.com/update.xml
01:04:28,904  INFO [main] Presenter - installPlugin(CanvasPlugin)
01:04:28,951  INFO [main] MainFrame - injectGUIComponent(org.diylc.swingframework.ruler.RulerScrollPane, 0)
01:04:28,962  INFO [main] Presenter - installPlugin(FramePlugin)
01:04:28,965  INFO [main] Presenter - installPlugin(AutoSavePlugin)
01:04:28,965  INFO [main] Presenter - createNewFile()
01:04:28,965  INFO [AWT-EventQueue-0] ConfigurationManager - Saving configuration
01:04:28,969  INFO [main] Presenter - loadProject(New Project, true)
01:04:29,142 DEBUG [main] TemplateDialog - Found 0 templates
01:04:29,182  INFO [main] DIYLCStarter - Injecting default properties.
01:04:29,188  INFO [SwingWorker-pool-1-thread-1] UpdateChecker - 0 updates found
01:04:46,982  INFO [AWT-EventQueue-0] ConfigurationManager - Saving configuration
