01:03:19,342 DEBUG [main] DIYLCStarter - Java version: 1.8.0_60-b27 by Oracle Corporation
01:03:19,343 DEBUG [main] DIYLCStarter - OS: Mac OS X 10.11.1
01:03:19,343  INFO [main] DIYLCStarter - Starting DIYLC with working directory /Users/neko/dev/projects/github/diy-layout-creator/diylc-swing
01:03:22,226  INFO [main] ConfigurationManager - Initializing configuration
01:03:22,321  INFO [main] Presenter - installPlugin(ToolBox)
01:03:22,326  INFO [main] Presenter - Loading component types.
01:03:22,578  INFO [main] MainFrame - injectGUIComponent(org.diylc.swing.plugins.toolbox.ComponentTabbedPane, 1)
01:03:22,605  INFO [main] Presenter - installPlugin(FileMenuPlugin)
01:03:22,610  INFO [main] MainFrame - injectMenuAction(New, File)
01:03:22,618  INFO [main] MainFrame - injectMenuAction(Open, File)
01:03:22,620  INFO [main] MainFrame - injectMenuAction(Import, File)
01:03:22,621  INFO [main] MainFrame - injectMenuAction(Save, File)
01:03:22,622  INFO [main] MainFrame - injectMenuAction(Save As, File)
01:03:22,622  INFO [main] MainFrame - injectMenuAction(Separator, File)
01:03:22,624  INFO [main] MainFrame - injectMenuAction(Export to PDF, File)
01:03:22,625  INFO [main] MainFrame - injectMenuAction(Export to PNG, File)
01:03:22,626  INFO [main] MainFrame - injectMenuAction(Print..., File)
01:03:22,627  INFO [main] MainFrame - injectSubmenu(Trace Mask, icon, File)
01:03:22,627  INFO [main] MainFrame - injectMenuAction(Export to PDF, Trace Mask)
01:03:22,628  INFO [main] MainFrame - injectMenuAction(Export to PNG, Trace Mask)
01:03:22,628  INFO [main] MainFrame - injectMenuAction(Print..., Trace Mask)
01:03:22,629  INFO [main] MainFrame - injectMenuAction(Create B.O.M., File)
01:03:22,629  INFO [main] MainFrame - injectMenuAction(Separator, File)
01:03:22,630  INFO [main] MainFrame - injectMenuAction(Exit, File)
01:03:22,635  INFO [main] Presenter - installPlugin(EditMenuPlugin)
01:03:22,636  INFO [main] MainFrame - injectMenuAction(Undo, Edit)
01:03:22,636  INFO [main] MainFrame - injectMenuAction(Redo, Edit)
01:03:22,637  INFO [main] MainFrame - injectMenuAction(Separator, Edit)
01:03:22,638  INFO [main] MainFrame - injectMenuAction(Cut, Edit)
01:03:22,640  INFO [main] MainFrame - injectMenuAction(Copy, Edit)
01:03:22,641  INFO [main] MainFrame - injectMenuAction(Paste, Edit)
01:03:22,641  INFO [main] MainFrame - injectMenuAction(Separator, Edit)
01:03:22,643  INFO [main] MainFrame - injectMenuAction(Select All, Edit)
01:03:22,644  INFO [main] MainFrame - injectMenuAction(Edit Selection, Edit)
01:03:22,645  INFO [main] MainFrame - injectMenuAction(Delete Selection, Edit)
01:03:22,646  INFO [main] MainFrame - injectMenuAction(Rotate Clockwise, Edit)
01:03:22,647  INFO [main] MainFrame - injectMenuAction(Rotate Counterclockwise, Edit)
01:03:22,648  INFO [main] MainFrame - injectMenuAction(Send Backward, Edit)
01:03:22,649  INFO [main] MainFrame - injectMenuAction(Bring Forward, Edit)
01:03:22,650  INFO [main] MainFrame - injectMenuAction(Group Selection, Edit)
01:03:22,652  INFO [main] MainFrame - injectMenuAction(Ungroup Selection, Edit)
01:03:22,652  INFO [main] MainFrame - injectMenuAction(Separator, Edit)
01:03:22,653  INFO [main] MainFrame - injectMenuAction(Save as Template, Edit)
01:03:22,654  INFO [main] MainFrame - injectSubmenu(Renumber Selection, icon, Edit)
01:03:22,654  INFO [main] MainFrame - injectMenuAction(X Axis First, Renumber Selection)
01:03:22,655  INFO [main] MainFrame - injectMenuAction(Y Axis First, Renumber Selection)
01:03:22,656  INFO [main] MainFrame - injectSubmenu(Expand Selection, icon, Edit)
01:03:22,656  INFO [main] MainFrame - injectMenuAction(All Connected, Expand Selection)
01:03:22,656  INFO [main] MainFrame - injectMenuAction(Immediate Only, Expand Selection)
01:03:22,657  INFO [main] MainFrame - injectMenuAction(Same Type Only, Expand Selection)
01:03:22,657  INFO [main] MainFrame - injectMenuAction(Separator, Edit)
01:03:22,658  INFO [main] MainFrame - injectMenuAction(Edit Project, Edit)
01:03:22,678  INFO [main] Presenter - installPlugin(ConfigPlugin)
01:03:22,678  INFO [main] MainFrame - injectMenuAction(Anti-Aliasing, Config)
01:03:22,680  INFO [main] MainFrame - injectMenuAction(Auto-Create Pads, Config)
01:03:22,680  INFO [main] MainFrame - injectMenuAction(Auto-Edit Mode, Config)
01:03:22,681  INFO [main] MainFrame - injectMenuAction(Continuous Creation, Config)
01:03:22,681  INFO [main] MainFrame - injectMenuAction(Export Grid, Config)
01:03:22,681  INFO [main] MainFrame - injectMenuAction(Hi-Quality Rendering, Config)
01:03:22,681  INFO [main] MainFrame - injectMenuAction(Mouse Wheel Zoom, Config)
01:03:22,682  INFO [main] MainFrame - injectMenuAction(Outline Mode, Config)
01:03:22,682  INFO [main] MainFrame - injectMenuAction(Snap to Grid, Config)
01:03:22,682  INFO [main] MainFrame - injectMenuAction(Sticky Points, Config)
01:03:22,683  INFO [main] MainFrame - injectSubmenu(Chassis, icon, Layers)
01:03:22,684  INFO [main] MainFrame - injectMenuAction(Lock, Chassis)
01:03:22,684  INFO [main] MainFrame - injectMenuAction(Select All, Chassis)
01:03:22,684  INFO [main] MainFrame - injectSubmenu(Board, icon, Layers)
01:03:22,685  INFO [main] MainFrame - injectMenuAction(Lock, Board)
01:03:22,685  INFO [main] MainFrame - injectMenuAction(Select All, Board)
01:03:22,685  INFO [main] MainFrame - injectSubmenu(Trace, icon, Layers)
01:03:22,686  INFO [main] MainFrame - injectMenuAction(Lock, Trace)
01:03:22,686  INFO [main] MainFrame - injectMenuAction(Select All, Trace)
01:03:22,686  INFO [main] MainFrame - injectSubmenu(Component, icon, Layers)
01:03:22,686  INFO [main] MainFrame - injectMenuAction(Lock, Component)
01:03:22,687  INFO [main] MainFrame - injectMenuAction(Select All, Component)
01:03:22,687  INFO [main] MainFrame - injectSubmenu(Text, icon, Layers)
01:03:22,687  INFO [main] MainFrame - injectMenuAction(Lock, Text)
01:03:22,687  INFO [main] MainFrame - injectMenuAction(Select All, Text)
01:03:22,688  INFO [main] Presenter - installPlugin(LayersMenuPlugin)
01:03:22,689  INFO [main] MainFrame - injectMenuAction(User Manual, Help)
01:03:22,690  INFO [main] MainFrame - injectMenuAction(FAQ, Help)
01:03:22,692  INFO [main] MainFrame - injectMenuAction(Component API, Help)
01:03:22,693  INFO [main] MainFrame - injectMenuAction(Plugin API, Help)
01:03:22,694  INFO [main] MainFrame - injectMenuAction(Submit a Bug, Help)
01:03:22,694  INFO [main] MainFrame - injectMenuAction(Separator, Help)
01:03:22,695  INFO [main] MainFrame - injectMenuAction(Donate, Help)
01:03:22,696  INFO [main] MainFrame - injectMenuAction(About, Help)
01:03:22,696  INFO [main] Presenter - installPlugin(HelpMenuPlugin)
01:03:22,698  INFO [main] MainFrame - injectGUIComponent(org.diylc.swing.plugins.statusbar.StatusBar, 3)
01:03:22,700  INFO [main] Presenter - installPlugin(StatusBar)
01:03:22,769  INFO [SwingWorker-pool-1-thread-1] UpdateChecker - Trying to download file: http://www.diy-fever.com/update.xml
01:03:22,771  INFO [main] Presenter - installPlugin(CanvasPlugin)
01:03:22,776  INFO [main] MainFrame - injectGUIComponent(org.diylc.swingframework.ruler.RulerScrollPane, 0)
01:03:22,781  INFO [main] Presenter - installPlugin(FramePlugin)
01:03:22,784  INFO [main] Presenter - installPlugin(AutoSavePlugin)
01:03:22,784  INFO [main] Presenter - createNewFile()
01:03:22,784  INFO [AWT-EventQueue-0] ConfigurationManager - Saving configuration
01:03:22,788  INFO [main] Presenter - loadProject(New Project, true)
01:03:22,915 DEBUG [main] TemplateDialog - Found 0 templates
01:03:22,945  INFO [main] DIYLCStarter - Injecting default properties.
01:03:23,004  INFO [SwingWorker-pool-1-thread-1] UpdateChecker - 0 updates found
01:03:24,959  INFO [AWT-EventQueue-0] ConfigurationManager - Saving configuration
